Using pre-set license
Built from '2020.3/release' branch; Version is '2020.3.12f1 (b3b2c6512326) revision 11776710'; Using compiler version '192528614'; Build Type 'Release'
OS: 'Windows 10 Home Single Language; OS build 22000.318; Version 2009; 64bit' Language: 'es' Physical Memory: 16235 MB
BatchMode: 1, IsHumanControllingUs: 0, StartBugReporterOnCrash: 0, Is64bit: 1, IsPro: 0

 COMMAND LINE ARGUMENTS:
C:\Program Files\Unity\Hub\Editor\2020.3.12f1\Editor\Unity.exe
-adb2
-batchMode
-noUpm
-name
AssetImportWorker0
-projectPath
D:/Escritorio/Unity (Juegos)/Trabajos externos/2D/Michis Espaciales FRJuegos/Rev1
-logFile
Logs/AssetImportWorker0.log
-srvPort
50165
Successfully changed project path to: D:/Escritorio/Unity (Juegos)/Trabajos externos/2D/Michis Espaciales FRJuegos/Rev1
D:/Escritorio/Unity (Juegos)/Trabajos externos/2D/Michis Espaciales FRJuegos/Rev1
Using Asset Import Pipeline V2.
Refreshing native plugins compatible for Editor in 65.68 ms, found 2 plugins.
Preloading 0 native plugins for Editor in 0.00 ms.
Initialize engine version: 2020.3.12f1 (b3b2c6512326)
[Subsystems] Discovering subsystems at path C:/Program Files/Unity/Hub/Editor/2020.3.12f1/Editor/Data/Resources/UnitySubsystems
[Subsystems] Discovering subsystems at path D:/Escritorio/Unity (Juegos)/Trabajos externos/2D/Michis Espaciales FRJuegos/Rev1/Assets
GfxDevice: creating device client; threaded=0
Direct3D:
    Version:  Direct3D 11.0 [level 11.1]
    Renderer: NVIDIA GeForce GTX 1650 (ID=0x1f91)
    Vendor:   
    VRAM:     3962 MB
    Driver:   30.0.14.9676
Initialize mono
Mono path[0] = 'C:/Program Files/Unity/Hub/Editor/2020.3.12f1/Editor/Data/Managed'
Mono path[1] = 'C:/Program Files/Unity/Hub/Editor/2020.3.12f1/Editor/Data/MonoBleedingEdge/lib/mono/unityjit'
Mono config path = 'C:/Program Files/Unity/Hub/Editor/2020.3.12f1/Editor/Data/MonoBleedingEdge/etc'
Using monoOptions --debugger-agent=transport=dt_socket,embedding=1,server=y,suspend=n,address=127.0.0.1:56232
Begin MonoManager ReloadAssembly
Registering precompiled unity dll's ...
Register platform support module: C:/Program Files/Unity/Hub/Editor/2020.3.12f1/Editor/Data/PlaybackEngines/WebGLSupport/UnityEditor.WebGL.Extensions.dll
Register platform support module: C:/Program Files/Unity/Hub/Editor/2020.3.12f1/Editor/Data/PlaybackEngines/MacStandaloneSupport/UnityEditor.OSXStandalone.Extensions.dll
Register platform support module: C:/Program Files/Unity/Hub/Editor/2020.3.12f1/Editor/Data/PlaybackEngines/WindowsStandaloneSupport/UnityEditor.WindowsStandalone.Extensions.dll
Registered in 0.002792 seconds.
Native extension for WindowsStandalone target not found
Native extension for OSXStandalone target not found
Native extension for WebGL target not found
Refreshing native plugins compatible for Editor in 62.42 ms, found 2 plugins.
Preloading 0 native plugins for Editor in 0.00 ms.
Mono: successfully reloaded assembly
- Completed reload, in  2.825 seconds
Platform modules already initialized, skipping
Registering precompiled user dll's ...
Registered in 0.016371 seconds.
Begin MonoManager ReloadAssembly
Native extension for WindowsStandalone target not found
Native extension for OSXStandalone target not found
Native extension for WebGL target not found
Refreshing native plugins compatible for Editor in 0.92 ms, found 2 plugins.
Preloading 0 native plugins for Editor in 0.00 ms.
Mono: successfully reloaded assembly
- Completed reload, in  1.893 seconds
Platform modules already initialized, skipping
========================================================================
Worker process is ready to serve import requests
Launched and connected shader compiler UnityShaderCompiler.exe after 0.06 seconds
Refreshing native plugins compatible for Editor in 0.81 ms, found 2 plugins.
Preloading 0 native plugins for Editor in 0.00 ms.
Unloading 2009 Unused Serialized files (Serialized files now loaded: 0)
System memory in use before: 88.0 MB.
System memory in use after: 88.1 MB.

Unloading 50 unused Assets to reduce memory usage. Loaded Objects now: 2428.
Total: 3.000600 ms (FindLiveObjects: 0.202200 ms CreateObjectMapping: 0.090800 ms MarkObjects: 2.593500 ms  DeleteObjects: 0.112900 ms)

AssetImportParameters requested are different than current active one (requested -> active):
  custom:framework-win-MediaFoundation: 216162199b28c13a410421893ffa2e32 -> 
  custom:video-decoder-ogg-theora: a1e56fd34408186e4bbccfd4996cb3dc -> 
  custom:container-muxer-webm: aa71ff27fc2769a1b78a27578f13a17b -> 
  custom:container-demuxer-webm: 4f35f7cbe854078d1ac9338744f61a02 -> 
  custom:container-demuxer-ogg: 62fdf1f143b41e24485cea50d1cbac27 -> 
  custom:video-encoder-webm-vp8: eb34c28f22e8b96e1ab97ce403110664 -> 
  custom:video-codec-MediaFoundation-h265: 746d11721c4dcdbdad8f713fa42b33f4 -> 
  custom:video-decoder-webm-vp8: 9c59270c3fd7afecdb556c50c9e8de78 -> 
  custom:audio-decoder-ogg-vorbis: bf7c407c2cedff20999df2af8eb42d56 -> 
  custom:audio-encoder-webm-vorbis: bf7c407c2cedff20999df2af8eb42d56 -> 
========================================================================
Received Import Request.
  path: Assets/Scripts/Gameplay/Walter.gif
  artifactKey: Guid(a01bccd964f09ae4ca0d802649c0086e) Importer(815301076,1909f56bfc062723c751e8b465ee728b)
Start importing Assets/Scripts/Gameplay/Walter.gif using Guid(a01bccd964f09ae4ca0d802649c0086e) Importer(815301076,1909f56bfc062723c751e8b465ee728b)  -> (artifact id: 'eff4fb35750482ac1597f672f27a303c') in 0.145969 seconds 
  Import took 0.150073 seconds .

========================================================================
Received Import Request.
  Time since last request: 9.296047 seconds.
  path: Assets/Sprites/Test
  artifactKey: Guid(a14a6c9ceebc0f344a3d5bc7175ac173) Importer(815301076,1909f56bfc062723c751e8b465ee728b)
Start importing Assets/Sprites/Test using Guid(a14a6c9ceebc0f344a3d5bc7175ac173) Importer(815301076,1909f56bfc062723c751e8b465ee728b)  -> (artifact id: '68e3b623d280e9ea9af9a1738c06e755') in 0.008514 seconds 
  Import took 0.012698 seconds .

========================================================================
Received Import Request.
  Time since last request: 0.009174 seconds.
  path: Assets/Sprites/Test
  artifactKey: Guid(a14a6c9ceebc0f344a3d5bc7175ac173) Importer(815301076,1909f56bfc062723c751e8b465ee728b)
Start importing Assets/Sprites/Test using Guid(a14a6c9ceebc0f344a3d5bc7175ac173) Importer(815301076,1909f56bfc062723c751e8b465ee728b)  -> (artifact id: '68e3b623d280e9ea9af9a1738c06e755') in 0.002818 seconds 
  Import took 0.006870 seconds .

========================================================================
Received Import Request.
  Time since last request: 13.808744 seconds.
  path: Assets/Sprites/Test/Walter.gif
  artifactKey: Guid(a01bccd964f09ae4ca0d802649c0086e) Importer(815301076,1909f56bfc062723c751e8b465ee728b)
Start importing Assets/Sprites/Test/Walter.gif using Guid(a01bccd964f09ae4ca0d802649c0086e) Importer(815301076,1909f56bfc062723c751e8b465ee728b)  -> (artifact id: '3f245d20ea02653c687e68a56f4f6b22') in 0.019325 seconds 
  Import took 0.023628 seconds .

========================================================================
Received Import Request.
  Time since last request: 203.711582 seconds.
  path: Assets/Sprites/Test/Walter.jpg
  artifactKey: Guid(c8fecb9c407346b47bcdf2e1016abd39) Importer(815301076,1909f56bfc062723c751e8b465ee728b)
Start importing Assets/Sprites/Test/Walter.jpg using Guid(c8fecb9c407346b47bcdf2e1016abd39) Importer(815301076,1909f56bfc062723c751e8b465ee728b)  -> (artifact id: 'cfb9940af9aa97a336cb24ce3efd0387') in 0.031676 seconds 
  Import took 0.037205 seconds .

========================================================================
Received Import Request.
  Time since last request: 5.677186 seconds.
  path: Assets/Sprites/Test/Walter.jpg
  artifactKey: Guid(c8fecb9c407346b47bcdf2e1016abd39) Importer(815301076,1909f56bfc062723c751e8b465ee728b)
Start importing Assets/Sprites/Test/Walter.jpg using Guid(c8fecb9c407346b47bcdf2e1016abd39) Importer(815301076,1909f56bfc062723c751e8b465ee728b)  -> (artifact id: '645d59931410eb5eb1cb5845e7aacad6') in 0.014191 seconds 
  Import took 0.027072 seconds .

========================================================================
Received Import Request.
  Time since last request: 122.724700 seconds.
  path: Assets/Sprites/Test/eb3975d508a56e2693012d2c25c93ea0.png
  artifactKey: Guid(bacd147391b2fce44b13b37fed0cacb1) Importer(815301076,1909f56bfc062723c751e8b465ee728b)
Start importing Assets/Sprites/Test/eb3975d508a56e2693012d2c25c93ea0.png using Guid(bacd147391b2fce44b13b37fed0cacb1) Importer(815301076,1909f56bfc062723c751e8b465ee728b)  -> (artifact id: 'a3eef96bf38c4369cb96d7955c58f377') in 0.084971 seconds 
  Import took 0.095195 seconds .

========================================================================
Received Import Request.
  Time since last request: 0.006859 seconds.
  path: Assets/Sprites/Test/eb3975d508a56e2693012d2c25c93ea0.png
  artifactKey: Guid(bacd147391b2fce44b13b37fed0cacb1) Importer(815301076,1909f56bfc062723c751e8b465ee728b)
Start importing Assets/Sprites/Test/eb3975d508a56e2693012d2c25c93ea0.png using Guid(bacd147391b2fce44b13b37fed0cacb1) Importer(815301076,1909f56bfc062723c751e8b465ee728b)  -> (artifact id: 'a3eef96bf38c4369cb96d7955c58f377') in 0.064315 seconds 
  Import took 0.075121 seconds .

========================================================================
Received Import Request.
  Time since last request: 5.847654 seconds.
  path: Assets/Sprites/Test/eb3975d508a56e2693012d2c25c93ea0.png
  artifactKey: Guid(bacd147391b2fce44b13b37fed0cacb1) Importer(815301076,1909f56bfc062723c751e8b465ee728b)
Start importing Assets/Sprites/Test/eb3975d508a56e2693012d2c25c93ea0.png using Guid(bacd147391b2fce44b13b37fed0cacb1) Importer(815301076,1909f56bfc062723c751e8b465ee728b)  -> (artifact id: 'f539d721a34121c4bb9572eef136e59f') in 0.020410 seconds 
  Import took 0.024792 seconds .

========================================================================
Received Import Request.
  Time since last request: 381.544558 seconds.
  path: Assets/Sprites/Test/eb3975d508a56e2693012d2c25c93ea0.png
  artifactKey: Guid(bacd147391b2fce44b13b37fed0cacb1) Importer(815301076,1909f56bfc062723c751e8b465ee728b)
Start importing Assets/Sprites/Test/eb3975d508a56e2693012d2c25c93ea0.png using Guid(bacd147391b2fce44b13b37fed0cacb1) Importer(815301076,1909f56bfc062723c751e8b465ee728b)  -> (artifact id: 'b6980897889063d9f4aeae62e2c4e921') in 0.081109 seconds 
  Import took 0.086229 seconds .

========================================================================
Received Import Request.
  Time since last request: 63.080768 seconds.
  path: Assets/Sprites/Test/eb3975d508a56e2693012d2c25c93ea0.png
  artifactKey: Guid(bacd147391b2fce44b13b37fed0cacb1) Importer(815301076,1909f56bfc062723c751e8b465ee728b)
Start importing Assets/Sprites/Test/eb3975d508a56e2693012d2c25c93ea0.png using Guid(bacd147391b2fce44b13b37fed0cacb1) Importer(815301076,1909f56bfc062723c751e8b465ee728b)  -> (artifact id: '2d6058d05483a03796a7d03f713239df') in 0.061897 seconds 
  Import took 0.066393 seconds .

========================================================================
Received Import Request.
  Time since last request: 51.998117 seconds.
  path: Assets/Sprites/Test/eb3975d508a56e2693012d2c25c93ea0.png
  artifactKey: Guid(bacd147391b2fce44b13b37fed0cacb1) Importer(815301076,1909f56bfc062723c751e8b465ee728b)
Start importing Assets/Sprites/Test/eb3975d508a56e2693012d2c25c93ea0.png using Guid(bacd147391b2fce44b13b37fed0cacb1) Importer(815301076,1909f56bfc062723c751e8b465ee728b)  -> (artifact id: '090d800228cc435a7a90d08d4ecdb1a8') in 0.054859 seconds 
  Import took 0.059127 seconds .

========================================================================
Received Import Request.
  Time since last request: 25.474825 seconds.
  path: Assets/Sprites/Test/eb3975d508a56e2693012d2c25c93ea0.png
  artifactKey: Guid(bacd147391b2fce44b13b37fed0cacb1) Importer(815301076,1909f56bfc062723c751e8b465ee728b)
Start importing Assets/Sprites/Test/eb3975d508a56e2693012d2c25c93ea0.png using Guid(bacd147391b2fce44b13b37fed0cacb1) Importer(815301076,1909f56bfc062723c751e8b465ee728b)  -> (artifact id: '8ea407f6ad4bacd27d3ebee80c0d3a1b') in 0.054195 seconds 
  Import took 0.058619 seconds .

========================================================================
Received Import Request.
  Time since last request: 29.327228 seconds.
  path: Assets/Sprites/Test/eb3975d508a56e2693012d2c25c93ea0.png
  artifactKey: Guid(bacd147391b2fce44b13b37fed0cacb1) Importer(815301076,1909f56bfc062723c751e8b465ee728b)
Start importing Assets/Sprites/Test/eb3975d508a56e2693012d2c25c93ea0.png using Guid(bacd147391b2fce44b13b37fed0cacb1) Importer(815301076,1909f56bfc062723c751e8b465ee728b)  -> (artifact id: '93acfad607ce3d1cea16150383652a8a') in 0.066301 seconds 
  Import took 0.070460 seconds .

========================================================================
Received Import Request.
  Time since last request: 6.121362 seconds.
  path: Assets/Sprites/Test/eb3975d508a56e2693012d2c25c93ea0.png
  artifactKey: Guid(bacd147391b2fce44b13b37fed0cacb1) Importer(815301076,1909f56bfc062723c751e8b465ee728b)
Start importing Assets/Sprites/Test/eb3975d508a56e2693012d2c25c93ea0.png using Guid(bacd147391b2fce44b13b37fed0cacb1) Importer(815301076,1909f56bfc062723c751e8b465ee728b)  -> (artifact id: 'bbc106eb77d4c9d2dd9081a2ed3f3a7e') in 0.054751 seconds 
  Import took 0.058920 seconds .

========================================================================
Received Import Request.
  Time since last request: 11.067182 seconds.
  path: Assets/Sprites/Test/eb3975d508a56e2693012d2c25c93ea0.png
  artifactKey: Guid(bacd147391b2fce44b13b37fed0cacb1) Importer(815301076,1909f56bfc062723c751e8b465ee728b)
Start importing Assets/Sprites/Test/eb3975d508a56e2693012d2c25c93ea0.png using Guid(bacd147391b2fce44b13b37fed0cacb1) Importer(815301076,1909f56bfc062723c751e8b465ee728b)  -> (artifact id: '12dad3c3c0f01e8a17f80244606b4633') in 0.055671 seconds 
  Import took 0.059830 seconds .

========================================================================
Received Import Request.
  Time since last request: 5.105588 seconds.
  path: Assets/Sprites/Test/eb3975d508a56e2693012d2c25c93ea0.png
  artifactKey: Guid(bacd147391b2fce44b13b37fed0cacb1) Importer(815301076,1909f56bfc062723c751e8b465ee728b)
Start importing Assets/Sprites/Test/eb3975d508a56e2693012d2c25c93ea0.png using Guid(bacd147391b2fce44b13b37fed0cacb1) Importer(815301076,1909f56bfc062723c751e8b465ee728b)  -> (artifact id: '46d3a41002671990afc601575b4a069c') in 0.050000 seconds 
  Import took 0.054219 seconds .

========================================================================
Received Import Request.
  Time since last request: 27.716177 seconds.
  path: Assets/Sprites/Test/eb3975d508a56e2693012d2c25c93ea0.png
  artifactKey: Guid(bacd147391b2fce44b13b37fed0cacb1) Importer(815301076,1909f56bfc062723c751e8b465ee728b)
Start importing Assets/Sprites/Test/eb3975d508a56e2693012d2c25c93ea0.png using Guid(bacd147391b2fce44b13b37fed0cacb1) Importer(815301076,1909f56bfc062723c751e8b465ee728b)  -> (artifact id: '60ccdd39382f274a5ccbfafd65a91257') in 0.052446 seconds 
  Import took 0.056670 seconds .

========================================================================
Received Import Request.
  Time since last request: 27.018267 seconds.
  path: Assets/Sprites/Test/eb3975d508a56e2693012d2c25c93ea0.png
  artifactKey: Guid(bacd147391b2fce44b13b37fed0cacb1) Importer(815301076,1909f56bfc062723c751e8b465ee728b)
Start importing Assets/Sprites/Test/eb3975d508a56e2693012d2c25c93ea0.png using Guid(bacd147391b2fce44b13b37fed0cacb1) Importer(815301076,1909f56bfc062723c751e8b465ee728b)  -> (artifact id: '4b9beccc0951f973014b0cdf80c10d4a') in 0.052681 seconds 
  Import took 0.057010 seconds .

========================================================================
Received Import Request.
  Time since last request: 4.893241 seconds.
  path: Assets/Sprites/Test/eb3975d508a56e2693012d2c25c93ea0.png
  artifactKey: Guid(bacd147391b2fce44b13b37fed0cacb1) Importer(815301076,1909f56bfc062723c751e8b465ee728b)
Start importing Assets/Sprites/Test/eb3975d508a56e2693012d2c25c93ea0.png using Guid(bacd147391b2fce44b13b37fed0cacb1) Importer(815301076,1909f56bfc062723c751e8b465ee728b)  -> (artifact id: '98f932f08fcd5c9e6c97ea8a2debc3e0') in 0.046524 seconds 
  Import took 0.050853 seconds .

========================================================================
Received Import Request.
  Time since last request: 0.013155 seconds.
  path: Assets/Sprites/Test/eb3975d508a56e2693012d2c25c93ea0.png
  artifactKey: Guid(bacd147391b2fce44b13b37fed0cacb1) Importer(815301076,1909f56bfc062723c751e8b465ee728b)
Start importing Assets/Sprites/Test/eb3975d508a56e2693012d2c25c93ea0.png using Guid(bacd147391b2fce44b13b37fed0cacb1) Importer(815301076,1909f56bfc062723c751e8b465ee728b)  -> (artifact id: '98f932f08fcd5c9e6c97ea8a2debc3e0') in 0.046347 seconds 
  Import took 0.050624 seconds .

========================================================================
Received Import Request.
  Time since last request: 10.146952 seconds.
  path: Assets/Sprites/Test/eb3975d508a56e2693012d2c25c93ea0.png
  artifactKey: Guid(bacd147391b2fce44b13b37fed0cacb1) Importer(815301076,1909f56bfc062723c751e8b465ee728b)
Start importing Assets/Sprites/Test/eb3975d508a56e2693012d2c25c93ea0.png using Guid(bacd147391b2fce44b13b37fed0cacb1) Importer(815301076,1909f56bfc062723c751e8b465ee728b)  -> (artifact id: 'd42ac59cb508856691684d8f750af088') in 0.059276 seconds 
  Import took 0.063653 seconds .

========================================================================
Received Import Request.
  Time since last request: 2.853146 seconds.
  path: Assets/Sprites/Test/eb3975d508a56e2693012d2c25c93ea0.png
  artifactKey: Guid(bacd147391b2fce44b13b37fed0cacb1) Importer(815301076,1909f56bfc062723c751e8b465ee728b)
Start importing Assets/Sprites/Test/eb3975d508a56e2693012d2c25c93ea0.png using Guid(bacd147391b2fce44b13b37fed0cacb1) Importer(815301076,1909f56bfc062723c751e8b465ee728b)  -> (artifact id: 'a1b18d836c423cf3f0c6dcbe3bdc2ee7') in 0.052831 seconds 
  Import took 0.057238 seconds .

========================================================================
Received Import Request.
  Time since last request: 9.764076 seconds.
  path: Assets/Sprites/Test/eb3975d508a56e2693012d2c25c93ea0.png
  artifactKey: Guid(bacd147391b2fce44b13b37fed0cacb1) Importer(815301076,1909f56bfc062723c751e8b465ee728b)
Start importing Assets/Sprites/Test/eb3975d508a56e2693012d2c25c93ea0.png using Guid(bacd147391b2fce44b13b37fed0cacb1) Importer(815301076,1909f56bfc062723c751e8b465ee728b)  -> (artifact id: '85c896c870ddcc019bd5fa4ebd77e539') in 0.055418 seconds 
  Import took 0.059629 seconds .

========================================================================
Received Import Request.
  Time since last request: 9.661526 seconds.
  path: Assets/Sprites/Test/eb3975d508a56e2693012d2c25c93ea0.png
  artifactKey: Guid(bacd147391b2fce44b13b37fed0cacb1) Importer(815301076,1909f56bfc062723c751e8b465ee728b)
Start importing Assets/Sprites/Test/eb3975d508a56e2693012d2c25c93ea0.png using Guid(bacd147391b2fce44b13b37fed0cacb1) Importer(815301076,1909f56bfc062723c751e8b465ee728b)  -> (artifact id: 'c8730e697c0f8747033b490308092ede') in 0.055938 seconds 
  Import took 0.060164 seconds .

========================================================================
Received Import Request.
  Time since last request: 20.214590 seconds.
  path: Assets/Sprites/Test/eb3975d508a56e2693012d2c25c93ea0.png
  artifactKey: Guid(bacd147391b2fce44b13b37fed0cacb1) Importer(815301076,1909f56bfc062723c751e8b465ee728b)
Start importing Assets/Sprites/Test/eb3975d508a56e2693012d2c25c93ea0.png using Guid(bacd147391b2fce44b13b37fed0cacb1) Importer(815301076,1909f56bfc062723c751e8b465ee728b)  -> (artifact id: '24033fa91d32bf49b87a6665d5dd3705') in 0.055720 seconds 
  Import took 0.060241 seconds .

========================================================================
Received Prepare
Registering precompiled user dll's ...
Registered in 0.556945 seconds.
Begin MonoManager ReloadAssembly
Native extension for WindowsStandalone target not found
Native extension for OSXStandalone target not found
Native extension for WebGL target not found
Refreshing native plugins compatible for Editor in 0.75 ms, found 2 plugins.
Preloading 0 native plugins for Editor in 0.00 ms.
Mono: successfully reloaded assembly
- Completed reload, in  1.753 seconds
Platform modules already initialized, skipping
Switching build target platform(19) subTarget(0) extendedPlatform(0) -> platform(13) subTarget(537395200) extendedPlatform(0)
Refreshing native plugins compatible for Editor in 1.44 ms, found 2 plugins.
Preloading 0 native plugins for Editor in 0.00 ms.
Unloading 1987 Unused Serialized files (Serialized files now loaded: 0)
System memory in use before: 89.0 MB.
System memory in use after: 89.1 MB.

Unloading 41 unused Assets to reduce memory usage. Loaded Objects now: 2473.
Total: 5.722500 ms (FindLiveObjects: 0.443100 ms CreateObjectMapping: 0.213300 ms MarkObjects: 4.915900 ms  DeleteObjects: 0.147700 ms)

AssetImportParameters requested are different than current active one (requested -> active):
  custom:framework-win-MediaFoundation: 216162199b28c13a410421893ffa2e32 -> 
  custom:video-decoder-ogg-theora: a1e56fd34408186e4bbccfd4996cb3dc -> 
  custom:container-muxer-webm: aa71ff27fc2769a1b78a27578f13a17b -> 
  custom:container-demuxer-webm: 4f35f7cbe854078d1ac9338744f61a02 -> 
  custom:container-demuxer-ogg: 62fdf1f143b41e24485cea50d1cbac27 -> 
  custom:video-encoder-webm-vp8: eb34c28f22e8b96e1ab97ce403110664 -> 
  custom:video-codec-MediaFoundation-h265: 746d11721c4dcdbdad8f713fa42b33f4 -> 
  custom:video-decoder-webm-vp8: 9c59270c3fd7afecdb556c50c9e8de78 -> 
  custom:graphics/normal-map-encoding: 01000000000000000000000000000000 -> 02000000000000000000000000000000
  custom:audio-decoder-ogg-vorbis: bf7c407c2cedff20999df2af8eb42d56 -> 
  custom:audio-encoder-webm-vorbis: bf7c407c2cedff20999df2af8eb42d56 -> 
========================================================================
Received Prepare
Registering precompiled user dll's ...
Registered in 0.005879 seconds.
Begin MonoManager ReloadAssembly
Native extension for WindowsStandalone target not found
Native extension for OSXStandalone target not found
Native extension for WebGL target not found
Refreshing native plugins compatible for Editor in 0.87 ms, found 2 plugins.
Preloading 0 native plugins for Editor in 0.00 ms.
Mono: successfully reloaded assembly
- Completed reload, in  1.456 seconds
Platform modules already initialized, skipping
Switching build target platform(19) subTarget(0) extendedPlatform(0) -> platform(13) subTarget(537395200) extendedPlatform(0)
Refreshing native plugins compatible for Editor in 0.78 ms, found 2 plugins.
Preloading 0 native plugins for Editor in 0.00 ms.
Unloading 1987 Unused Serialized files (Serialized files now loaded: 0)
System memory in use before: 89.1 MB.
System memory in use after: 89.1 MB.

Unloading 41 unused Assets to reduce memory usage. Loaded Objects now: 2476.
Total: 3.047600 ms (FindLiveObjects: 0.232400 ms CreateObjectMapping: 0.105900 ms MarkObjects: 2.628400 ms  DeleteObjects: 0.079600 ms)

AssetImportParameters requested are different than current active one (requested -> active):
  custom:framework-win-MediaFoundation: 216162199b28c13a410421893ffa2e32 -> 
  custom:video-decoder-ogg-theora: a1e56fd34408186e4bbccfd4996cb3dc -> 
  custom:container-muxer-webm: aa71ff27fc2769a1b78a27578f13a17b -> 
  custom:container-demuxer-webm: 4f35f7cbe854078d1ac9338744f61a02 -> 
  custom:container-demuxer-ogg: 62fdf1f143b41e24485cea50d1cbac27 -> 
  custom:video-encoder-webm-vp8: eb34c28f22e8b96e1ab97ce403110664 -> 
  custom:video-codec-MediaFoundation-h265: 746d11721c4dcdbdad8f713fa42b33f4 -> 
  custom:video-decoder-webm-vp8: 9c59270c3fd7afecdb556c50c9e8de78 -> 
  custom:graphics/normal-map-encoding: 01000000000000000000000000000000 -> 02000000000000000000000000000000
  custom:audio-decoder-ogg-vorbis: bf7c407c2cedff20999df2af8eb42d56 -> 
  custom:audio-encoder-webm-vorbis: bf7c407c2cedff20999df2af8eb42d56 -> 
========================================================================
Received Prepare
Registering precompiled user dll's ...
Registered in 0.006095 seconds.
Begin MonoManager ReloadAssembly
Native extension for WindowsStandalone target not found
Native extension for OSXStandalone target not found
Native extension for WebGL target not found
Refreshing native plugins compatible for Editor in 0.82 ms, found 2 plugins.
Preloading 0 native plugins for Editor in 0.00 ms.
Mono: successfully reloaded assembly
- Completed reload, in  1.530 seconds
Platform modules already initialized, skipping
Switching build target platform(19) subTarget(0) extendedPlatform(0) -> platform(13) subTarget(537395200) extendedPlatform(0)
Refreshing native plugins compatible for Editor in 0.75 ms, found 2 plugins.
Preloading 0 native plugins for Editor in 0.00 ms.
Unloading 1987 Unused Serialized files (Serialized files now loaded: 0)
System memory in use before: 89.1 MB.
System memory in use after: 89.2 MB.

Unloading 41 unused Assets to reduce memory usage. Loaded Objects now: 2479.
Total: 3.800300 ms (FindLiveObjects: 0.439600 ms CreateObjectMapping: 0.210600 ms MarkObjects: 3.049400 ms  DeleteObjects: 0.098400 ms)

AssetImportParameters requested are different than current active one (requested -> active):
  custom:framework-win-MediaFoundation: 216162199b28c13a410421893ffa2e32 -> 
  custom:video-decoder-ogg-theora: a1e56fd34408186e4bbccfd4996cb3dc -> 
  custom:container-muxer-webm: aa71ff27fc2769a1b78a27578f13a17b -> 
  custom:container-demuxer-webm: 4f35f7cbe854078d1ac9338744f61a02 -> 
  custom:container-demuxer-ogg: 62fdf1f143b41e24485cea50d1cbac27 -> 
  custom:video-encoder-webm-vp8: eb34c28f22e8b96e1ab97ce403110664 -> 
  custom:video-codec-MediaFoundation-h265: 746d11721c4dcdbdad8f713fa42b33f4 -> 
  custom:video-decoder-webm-vp8: 9c59270c3fd7afecdb556c50c9e8de78 -> 
  custom:graphics/normal-map-encoding: 01000000000000000000000000000000 -> 02000000000000000000000000000000
  custom:audio-decoder-ogg-vorbis: bf7c407c2cedff20999df2af8eb42d56 -> 
  custom:audio-encoder-webm-vorbis: bf7c407c2cedff20999df2af8eb42d56 -> 
========================================================================
Received Import Request.
  Time since last request: 524.065628 seconds.
  path: Assets/Sprites/Test/eb3975d508a56e2693012d2c25c93ea0.png
  artifactKey: Guid(bacd147391b2fce44b13b37fed0cacb1) Importer(815301076,1909f56bfc062723c751e8b465ee728b)
Start importing Assets/Sprites/Test/eb3975d508a56e2693012d2c25c93ea0.png using Guid(bacd147391b2fce44b13b37fed0cacb1) Importer(815301076,1909f56bfc062723c751e8b465ee728b)  -> (artifact id: '518004e88eed3048c234dba678559af7') in 0.118760 seconds 
  Import took 0.123059 seconds .

========================================================================
Received Import Request.
  Time since last request: 91.846831 seconds.
  path: Assets/Sprites/Test/eb3975d508a56e2693012d2c25c93ea0.png
  artifactKey: Guid(bacd147391b2fce44b13b37fed0cacb1) Importer(815301076,1909f56bfc062723c751e8b465ee728b)
Start importing Assets/Sprites/Test/eb3975d508a56e2693012d2c25c93ea0.png using Guid(bacd147391b2fce44b13b37fed0cacb1) Importer(815301076,1909f56bfc062723c751e8b465ee728b)  -> (artifact id: 'f778579e9def8b64245a2eb7b8b94766') in 0.048194 seconds 
  Import took 0.052645 seconds .

========================================================================
Received Import Request.
  Time since last request: 55.697462 seconds.
  path: Assets/Sprites/Test/eb3975d508a56e2693012d2c25c93ea0.png
  artifactKey: Guid(bacd147391b2fce44b13b37fed0cacb1) Importer(815301076,1909f56bfc062723c751e8b465ee728b)
Start importing Assets/Sprites/Test/eb3975d508a56e2693012d2c25c93ea0.png using Guid(bacd147391b2fce44b13b37fed0cacb1) Importer(815301076,1909f56bfc062723c751e8b465ee728b)  -> (artifact id: '22f2404ef5cee1be999fbe02e10cfcaa') in 0.060033 seconds 
  Import took 0.064622 seconds .

========================================================================
Received Import Request.
  Time since last request: 12.203726 seconds.
  path: Assets/Sprites/Test/eb3975d508a56e2693012d2c25c93ea0.png
  artifactKey: Guid(bacd147391b2fce44b13b37fed0cacb1) Importer(815301076,1909f56bfc062723c751e8b465ee728b)
Start importing Assets/Sprites/Test/eb3975d508a56e2693012d2c25c93ea0.png using Guid(bacd147391b2fce44b13b37fed0cacb1) Importer(815301076,1909f56bfc062723c751e8b465ee728b)  -> (artifact id: '90187ed5b3030dcf44d83db9dffe6d52') in 0.060197 seconds 
  Import took 0.064433 seconds .

========================================================================
Received Import Request.
  Time since last request: 102.151495 seconds.
  path: Assets/Sprites/Test/eb3975d508a56e2693012d2c25c93ea0.png
  artifactKey: Guid(bacd147391b2fce44b13b37fed0cacb1) Importer(815301076,1909f56bfc062723c751e8b465ee728b)
Start importing Assets/Sprites/Test/eb3975d508a56e2693012d2c25c93ea0.png using Guid(bacd147391b2fce44b13b37fed0cacb1) Importer(815301076,1909f56bfc062723c751e8b465ee728b)  -> (artifact id: 'fe1e569f642a8e327f5f2176bd5db8eb') in 0.066161 seconds 
  Import took 0.070480 seconds .

========================================================================
Received Import Request.
  Time since last request: 59.492187 seconds.
  path: Assets/Sprites/Test/eb3975d508a56e2693012d2c25c93ea0.png
  artifactKey: Guid(bacd147391b2fce44b13b37fed0cacb1) Importer(815301076,1909f56bfc062723c751e8b465ee728b)
Start importing Assets/Sprites/Test/eb3975d508a56e2693012d2c25c93ea0.png using Guid(bacd147391b2fce44b13b37fed0cacb1) Importer(815301076,1909f56bfc062723c751e8b465ee728b)  -> (artifact id: '8c2d40bbe866c4ce510dc7393247417f') in 0.054897 seconds 
  Import took 0.060024 seconds .

========================================================================
Received Prepare
Registering precompiled user dll's ...
Registered in 0.006070 seconds.
Begin MonoManager ReloadAssembly
Native extension for WindowsStandalone target not found
Native extension for OSXStandalone target not found
Native extension for WebGL target not found
Refreshing native plugins compatible for Editor in 0.74 ms, found 2 plugins.
Preloading 0 native plugins for Editor in 0.00 ms.
Mono: successfully reloaded assembly
- Completed reload, in  1.495 seconds
Platform modules already initialized, skipping
Switching build target platform(19) subTarget(0) extendedPlatform(0) -> platform(13) subTarget(537395200) extendedPlatform(0)
Refreshing native plugins compatible for Editor in 0.72 ms, found 2 plugins.
Preloading 0 native plugins for Editor in 0.00 ms.
Unloading 1987 Unused Serialized files (Serialized files now loaded: 0)
System memory in use before: 89.1 MB.
System memory in use after: 89.2 MB.

Unloading 41 unused Assets to reduce memory usage. Loaded Objects now: 2487.
Total: 2.949200 ms (FindLiveObjects: 0.231700 ms CreateObjectMapping: 0.111200 ms MarkObjects: 2.529700 ms  DeleteObjects: 0.075200 ms)

AssetImportParameters requested are different than current active one (requested -> active):
  custom:framework-win-MediaFoundation: 216162199b28c13a410421893ffa2e32 -> 
  custom:video-decoder-ogg-theora: a1e56fd34408186e4bbccfd4996cb3dc -> 
  custom:container-muxer-webm: aa71ff27fc2769a1b78a27578f13a17b -> 
  custom:container-demuxer-webm: 4f35f7cbe854078d1ac9338744f61a02 -> 
  custom:container-demuxer-ogg: 62fdf1f143b41e24485cea50d1cbac27 -> 
  custom:video-encoder-webm-vp8: eb34c28f22e8b96e1ab97ce403110664 -> 
  custom:video-codec-MediaFoundation-h265: 746d11721c4dcdbdad8f713fa42b33f4 -> 
  custom:video-decoder-webm-vp8: 9c59270c3fd7afecdb556c50c9e8de78 -> 
  custom:graphics/normal-map-encoding: 01000000000000000000000000000000 -> 02000000000000000000000000000000
  custom:audio-decoder-ogg-vorbis: bf7c407c2cedff20999df2af8eb42d56 -> 
  custom:audio-encoder-webm-vorbis: bf7c407c2cedff20999df2af8eb42d56 -> 
========================================================================
Received Prepare
Registering precompiled user dll's ...
Registered in 0.006039 seconds.
Begin MonoManager ReloadAssembly
Native extension for WindowsStandalone target not found
Native extension for OSXStandalone target not found
Native extension for WebGL target not found
Refreshing native plugins compatible for Editor in 0.73 ms, found 2 plugins.
Preloading 0 native plugins for Editor in 0.00 ms.
Mono: successfully reloaded assembly
- Completed reload, in  1.523 seconds
Platform modules already initialized, skipping
Switching build target platform(19) subTarget(0) extendedPlatform(0) -> platform(13) subTarget(537395200) extendedPlatform(0)
Refreshing native plugins compatible for Editor in 0.72 ms, found 2 plugins.
Preloading 0 native plugins for Editor in 0.00 ms.
Unloading 1987 Unused Serialized files (Serialized files now loaded: 0)
System memory in use before: 89.1 MB.
System memory in use after: 89.2 MB.

Unloading 41 unused Assets to reduce memory usage. Loaded Objects now: 2490.
Total: 2.858900 ms (FindLiveObjects: 0.226600 ms CreateObjectMapping: 0.091400 ms MarkObjects: 2.467300 ms  DeleteObjects: 0.072000 ms)

AssetImportParameters requested are different than current active one (requested -> active):
  custom:framework-win-MediaFoundation: 216162199b28c13a410421893ffa2e32 -> 
  custom:video-decoder-ogg-theora: a1e56fd34408186e4bbccfd4996cb3dc -> 
  custom:container-muxer-webm: aa71ff27fc2769a1b78a27578f13a17b -> 
  custom:container-demuxer-webm: 4f35f7cbe854078d1ac9338744f61a02 -> 
  custom:container-demuxer-ogg: 62fdf1f143b41e24485cea50d1cbac27 -> 
  custom:video-encoder-webm-vp8: eb34c28f22e8b96e1ab97ce403110664 -> 
  custom:video-codec-MediaFoundation-h265: 746d11721c4dcdbdad8f713fa42b33f4 -> 
  custom:video-decoder-webm-vp8: 9c59270c3fd7afecdb556c50c9e8de78 -> 
  custom:graphics/normal-map-encoding: 01000000000000000000000000000000 -> 02000000000000000000000000000000
  custom:audio-decoder-ogg-vorbis: bf7c407c2cedff20999df2af8eb42d56 -> 
  custom:audio-encoder-webm-vorbis: bf7c407c2cedff20999df2af8eb42d56 -> 
========================================================================
Received Import Request.
  Time since last request: 117.773155 seconds.
  path: Assets/Sprites/Test/eb3975d508a56e2693012d2c25c93ea0.png
  artifactKey: Guid(bacd147391b2fce44b13b37fed0cacb1) Importer(815301076,1909f56bfc062723c751e8b465ee728b)
Start importing Assets/Sprites/Test/eb3975d508a56e2693012d2c25c93ea0.png using Guid(bacd147391b2fce44b13b37fed0cacb1) Importer(815301076,1909f56bfc062723c751e8b465ee728b)  -> (artifact id: '76a62399f5bbc20a8163cc17fd1214e3') in 0.103142 seconds 
  Import took 0.107285 seconds .

========================================================================
Received Prepare
Registering precompiled user dll's ...
Registered in 0.005954 seconds.
Begin MonoManager ReloadAssembly
Native extension for WindowsStandalone target not found
Native extension for OSXStandalone target not found
Native extension for WebGL target not found
Refreshing native plugins compatible for Editor in 0.94 ms, found 2 plugins.
Preloading 0 native plugins for Editor in 0.00 ms.
Mono: successfully reloaded assembly
- Completed reload, in  1.561 seconds
Platform modules already initialized, skipping
Switching build target platform(19) subTarget(0) extendedPlatform(0) -> platform(13) subTarget(537395200) extendedPlatform(0)
Refreshing native plugins compatible for Editor in 0.72 ms, found 2 plugins.
Preloading 0 native plugins for Editor in 0.00 ms.
Unloading 1987 Unused Serialized files (Serialized files now loaded: 0)
System memory in use before: 89.2 MB.
System memory in use after: 89.2 MB.

Unloading 41 unused Assets to reduce memory usage. Loaded Objects now: 2494.
Total: 2.933400 ms (FindLiveObjects: 0.233900 ms CreateObjectMapping: 0.092000 ms MarkObjects: 2.532800 ms  DeleteObjects: 0.073400 ms)

AssetImportParameters requested are different than current active one (requested -> active):
  custom:framework-win-MediaFoundation: 216162199b28c13a410421893ffa2e32 -> 
  custom:video-decoder-ogg-theora: a1e56fd34408186e4bbccfd4996cb3dc -> 
  custom:container-muxer-webm: aa71ff27fc2769a1b78a27578f13a17b -> 
  custom:container-demuxer-webm: 4f35f7cbe854078d1ac9338744f61a02 -> 
  custom:container-demuxer-ogg: 62fdf1f143b41e24485cea50d1cbac27 -> 
  custom:video-encoder-webm-vp8: eb34c28f22e8b96e1ab97ce403110664 -> 
  custom:video-codec-MediaFoundation-h265: 746d11721c4dcdbdad8f713fa42b33f4 -> 
  custom:video-decoder-webm-vp8: 9c59270c3fd7afecdb556c50c9e8de78 -> 
  custom:graphics/normal-map-encoding: 01000000000000000000000000000000 -> 02000000000000000000000000000000
  custom:audio-decoder-ogg-vorbis: bf7c407c2cedff20999df2af8eb42d56 -> 
  custom:audio-encoder-webm-vorbis: bf7c407c2cedff20999df2af8eb42d56 -> 
========================================================================
Received Import Request.
  Time since last request: 96.895827 seconds.
  path: Assets/Sprites/Test/eb3975d508a56e2693012d2c25c93ea0.png
  artifactKey: Guid(bacd147391b2fce44b13b37fed0cacb1) Importer(815301076,1909f56bfc062723c751e8b465ee728b)
Start importing Assets/Sprites/Test/eb3975d508a56e2693012d2c25c93ea0.png using Guid(bacd147391b2fce44b13b37fed0cacb1) Importer(815301076,1909f56bfc062723c751e8b465ee728b)  -> (artifact id: '60dbfe2f1b450f2330d1f305a1ada278') in 0.112832 seconds 
  Import took 0.117051 seconds .

========================================================================
Received Import Request.
  Time since last request: 160.041134 seconds.
  path: Assets/Sprites/Test/eb3975d508a56e2693012d2c25c93ea0.png
  artifactKey: Guid(bacd147391b2fce44b13b37fed0cacb1) Importer(815301076,1909f56bfc062723c751e8b465ee728b)
Start importing Assets/Sprites/Test/eb3975d508a56e2693012d2c25c93ea0.png using Guid(bacd147391b2fce44b13b37fed0cacb1) Importer(815301076,1909f56bfc062723c751e8b465ee728b)  -> (artifact id: 'bae6b249edecf1c7963e34f071bfdf97') in 0.051537 seconds 
  Import took 0.055903 seconds .

========================================================================
Received Prepare
Registering precompiled user dll's ...
Registered in 0.006307 seconds.
Begin MonoManager ReloadAssembly
Native extension for WindowsStandalone target not found
Native extension for OSXStandalone target not found
Native extension for WebGL target not found
Refreshing native plugins compatible for Editor in 0.82 ms, found 2 plugins.
Preloading 0 native plugins for Editor in 0.00 ms.
Mono: successfully reloaded assembly
- Completed reload, in  1.568 seconds
Platform modules already initialized, skipping
Switching build target platform(19) subTarget(0) extendedPlatform(0) -> platform(13) subTarget(537395200) extendedPlatform(0)
Refreshing native plugins compatible for Editor in 0.72 ms, found 2 plugins.
Preloading 0 native plugins for Editor in 0.00 ms.
Unloading 1987 Unused Serialized files (Serialized files now loaded: 0)
System memory in use before: 89.2 MB.
System memory in use after: 89.3 MB.

Unloading 41 unused Assets to reduce memory usage. Loaded Objects now: 2498.
Total: 3.201300 ms (FindLiveObjects: 0.263900 ms CreateObjectMapping: 0.102000 ms MarkObjects: 2.751100 ms  DeleteObjects: 0.083000 ms)

AssetImportParameters requested are different than current active one (requested -> active):
  custom:framework-win-MediaFoundation: 216162199b28c13a410421893ffa2e32 -> 
  custom:video-decoder-ogg-theora: a1e56fd34408186e4bbccfd4996cb3dc -> 
  custom:container-muxer-webm: aa71ff27fc2769a1b78a27578f13a17b -> 
  custom:container-demuxer-webm: 4f35f7cbe854078d1ac9338744f61a02 -> 
  custom:container-demuxer-ogg: 62fdf1f143b41e24485cea50d1cbac27 -> 
  custom:video-encoder-webm-vp8: eb34c28f22e8b96e1ab97ce403110664 -> 
  custom:video-codec-MediaFoundation-h265: 746d11721c4dcdbdad8f713fa42b33f4 -> 
  custom:video-decoder-webm-vp8: 9c59270c3fd7afecdb556c50c9e8de78 -> 
  custom:graphics/normal-map-encoding: 01000000000000000000000000000000 -> 02000000000000000000000000000000
  custom:audio-decoder-ogg-vorbis: bf7c407c2cedff20999df2af8eb42d56 -> 
  custom:audio-encoder-webm-vorbis: bf7c407c2cedff20999df2af8eb42d56 -> 
========================================================================
Received Import Request.
  Time since last request: 542.143013 seconds.
  path: Assets/Scripts/Gameplay/PlayerMovement.cs
  artifactKey: Guid(110899ce7e6e6b64eaf529c4d220c0c8) Importer(815301076,1909f56bfc062723c751e8b465ee728b)
Start importing Assets/Scripts/Gameplay/PlayerMovement.cs using Guid(110899ce7e6e6b64eaf529c4d220c0c8) Importer(815301076,1909f56bfc062723c751e8b465ee728b)  -> (artifact id: '248e5115154489768741647fc1197156') in 0.047256 seconds 
  Import took 0.058812 seconds .

========================================================================
Received Prepare
Registering precompiled user dll's ...
Registered in 0.006405 seconds.
Begin MonoManager ReloadAssembly
Native extension for WindowsStandalone target not found
Native extension for OSXStandalone target not found
Native extension for WebGL target not found
Refreshing native plugins compatible for Editor in 0.75 ms, found 2 plugins.
Preloading 0 native plugins for Editor in 0.00 ms.
Mono: successfully reloaded assembly
- Completed reload, in  1.670 seconds
Platform modules already initialized, skipping
Switching build target platform(19) subTarget(0) extendedPlatform(0) -> platform(13) subTarget(537395200) extendedPlatform(0)
Refreshing native plugins compatible for Editor in 0.73 ms, found 2 plugins.
Preloading 0 native plugins for Editor in 0.00 ms.
Unloading 1987 Unused Serialized files (Serialized files now loaded: 0)
System memory in use before: 89.2 MB.
System memory in use after: 89.3 MB.

Unloading 41 unused Assets to reduce memory usage. Loaded Objects now: 2501.
Total: 4.205200 ms (FindLiveObjects: 0.241400 ms CreateObjectMapping: 0.316100 ms MarkObjects: 3.521700 ms  DeleteObjects: 0.124300 ms)

AssetImportParameters requested are different than current active one (requested -> active):
  custom:framework-win-MediaFoundation: 216162199b28c13a410421893ffa2e32 -> 
  custom:video-decoder-ogg-theora: a1e56fd34408186e4bbccfd4996cb3dc -> 
  custom:container-muxer-webm: aa71ff27fc2769a1b78a27578f13a17b -> 
  custom:container-demuxer-webm: 4f35f7cbe854078d1ac9338744f61a02 -> 
  custom:container-demuxer-ogg: 62fdf1f143b41e24485cea50d1cbac27 -> 
  custom:video-encoder-webm-vp8: eb34c28f22e8b96e1ab97ce403110664 -> 
  custom:video-codec-MediaFoundation-h265: 746d11721c4dcdbdad8f713fa42b33f4 -> 
  custom:video-decoder-webm-vp8: 9c59270c3fd7afecdb556c50c9e8de78 -> 
  custom:graphics/normal-map-encoding: 01000000000000000000000000000000 -> 02000000000000000000000000000000
  custom:audio-decoder-ogg-vorbis: bf7c407c2cedff20999df2af8eb42d56 -> 
  custom:audio-encoder-webm-vorbis: bf7c407c2cedff20999df2af8eb42d56 -> 
========================================================================
Received Import Request.
  Time since last request: 1659.379318 seconds.
  path: Assets/Animations/Player/Test/Player.controller
  artifactKey: Guid(8aa3a92bd2164fd49aa91d9c15bf6c4f) Importer(815301076,1909f56bfc062723c751e8b465ee728b)
Start importing Assets/Animations/Player/Test/Player.controller using Guid(8aa3a92bd2164fd49aa91d9c15bf6c4f) Importer(815301076,1909f56bfc062723c751e8b465ee728b)  -> (artifact id: 'b3cba3cc148cd33fa22fb3fa3ee0dad9') in 0.030695 seconds 
  Import took 0.035436 seconds .

========================================================================
Received Prepare
Registering precompiled user dll's ...
Registered in 0.008098 seconds.
Begin MonoManager ReloadAssembly
Native extension for WindowsStandalone target not found
Native extension for OSXStandalone target not found
Native extension for WebGL target not found
Refreshing native plugins compatible for Editor in 0.74 ms, found 2 plugins.
Preloading 0 native plugins for Editor in 0.00 ms.
Mono: successfully reloaded assembly
- Completed reload, in  1.559 seconds
Platform modules already initialized, skipping
Switching build target platform(19) subTarget(0) extendedPlatform(0) -> platform(13) subTarget(537395200) extendedPlatform(0)
Refreshing native plugins compatible for Editor in 0.74 ms, found 2 plugins.
Preloading 0 native plugins for Editor in 0.00 ms.
Unloading 1987 Unused Serialized files (Serialized files now loaded: 0)
System memory in use before: 89.2 MB.
System memory in use after: 89.3 MB.

Unloading 41 unused Assets to reduce memory usage. Loaded Objects now: 2504.
Total: 2.988000 ms (FindLiveObjects: 0.243600 ms CreateObjectMapping: 0.095800 ms MarkObjects: 2.567500 ms  DeleteObjects: 0.079800 ms)

AssetImportParameters requested are different than current active one (requested -> active):
  custom:framework-win-MediaFoundation: 216162199b28c13a410421893ffa2e32 -> 
  custom:video-decoder-ogg-theora: a1e56fd34408186e4bbccfd4996cb3dc -> 
  custom:container-muxer-webm: aa71ff27fc2769a1b78a27578f13a17b -> 
  custom:container-demuxer-webm: 4f35f7cbe854078d1ac9338744f61a02 -> 
  custom:container-demuxer-ogg: 62fdf1f143b41e24485cea50d1cbac27 -> 
  custom:video-encoder-webm-vp8: eb34c28f22e8b96e1ab97ce403110664 -> 
  custom:video-codec-MediaFoundation-h265: 746d11721c4dcdbdad8f713fa42b33f4 -> 
  custom:video-decoder-webm-vp8: 9c59270c3fd7afecdb556c50c9e8de78 -> 
  custom:graphics/normal-map-encoding: 01000000000000000000000000000000 -> 02000000000000000000000000000000
  custom:audio-decoder-ogg-vorbis: bf7c407c2cedff20999df2af8eb42d56 -> 
  custom:audio-encoder-webm-vorbis: bf7c407c2cedff20999df2af8eb42d56 -> 
========================================================================
Received Prepare
Registering precompiled user dll's ...
Registered in 0.008933 seconds.
Begin MonoManager ReloadAssembly
Native extension for WindowsStandalone target not found
Native extension for OSXStandalone target not found
Native extension for WebGL target not found
Refreshing native plugins compatible for Editor in 0.74 ms, found 2 plugins.
Preloading 0 native plugins for Editor in 0.00 ms.
Mono: successfully reloaded assembly
- Completed reload, in  1.572 seconds
Platform modules already initialized, skipping
Switching build target platform(19) subTarget(0) extendedPlatform(0) -> platform(13) subTarget(537395200) extendedPlatform(0)
Refreshing native plugins compatible for Editor in 0.74 ms, found 2 plugins.
Preloading 0 native plugins for Editor in 0.00 ms.
Unloading 1987 Unused Serialized files (Serialized files now loaded: 0)
System memory in use before: 89.2 MB.
System memory in use after: 89.3 MB.

Unloading 41 unused Assets to reduce memory usage. Loaded Objects now: 2507.
Total: 3.331500 ms (FindLiveObjects: 0.239700 ms CreateObjectMapping: 0.094000 ms MarkObjects: 2.909900 ms  DeleteObjects: 0.086500 ms)

AssetImportParameters requested are different than current active one (requested -> active):
  custom:framework-win-MediaFoundation: 216162199b28c13a410421893ffa2e32 -> 
  custom:video-decoder-ogg-theora: a1e56fd34408186e4bbccfd4996cb3dc -> 
  custom:container-muxer-webm: aa71ff27fc2769a1b78a27578f13a17b -> 
  custom:container-demuxer-webm: 4f35f7cbe854078d1ac9338744f61a02 -> 
  custom:container-demuxer-ogg: 62fdf1f143b41e24485cea50d1cbac27 -> 
  custom:video-encoder-webm-vp8: eb34c28f22e8b96e1ab97ce403110664 -> 
  custom:video-codec-MediaFoundation-h265: 746d11721c4dcdbdad8f713fa42b33f4 -> 
  custom:video-decoder-webm-vp8: 9c59270c3fd7afecdb556c50c9e8de78 -> 
  custom:graphics/normal-map-encoding: 01000000000000000000000000000000 -> 02000000000000000000000000000000
  custom:audio-decoder-ogg-vorbis: bf7c407c2cedff20999df2af8eb42d56 -> 
  custom:audio-encoder-webm-vorbis: bf7c407c2cedff20999df2af8eb42d56 -> 
========================================================================
Received Prepare
Registering precompiled user dll's ...
Registered in 0.014656 seconds.
Begin MonoManager ReloadAssembly
Native extension for WindowsStandalone target not found
Native extension for OSXStandalone target not found
Native extension for WebGL target not found
Refreshing native plugins compatible for Editor in 0.94 ms, found 2 plugins.
Preloading 0 native plugins for Editor in 0.00 ms.
Mono: successfully reloaded assembly
- Completed reload, in  1.651 seconds
Platform modules already initialized, skipping
Switching build target platform(19) subTarget(0) extendedPlatform(0) -> platform(13) subTarget(537395200) extendedPlatform(0)
Refreshing native plugins compatible for Editor in 0.73 ms, found 2 plugins.
Preloading 0 native plugins for Editor in 0.00 ms.
Unloading 1987 Unused Serialized files (Serialized files now loaded: 0)
System memory in use before: 89.2 MB.
System memory in use after: 89.3 MB.

Unloading 41 unused Assets to reduce memory usage. Loaded Objects now: 2510.
Total: 2.965900 ms (FindLiveObjects: 0.239900 ms CreateObjectMapping: 0.092200 ms MarkObjects: 2.555600 ms  DeleteObjects: 0.076700 ms)

AssetImportParameters requested are different than current active one (requested -> active):
  custom:framework-win-MediaFoundation: 216162199b28c13a410421893ffa2e32 -> 
  custom:video-decoder-ogg-theora: a1e56fd34408186e4bbccfd4996cb3dc -> 
  custom:container-muxer-webm: aa71ff27fc2769a1b78a27578f13a17b -> 
  custom:container-demuxer-webm: 4f35f7cbe854078d1ac9338744f61a02 -> 
  custom:container-demuxer-ogg: 62fdf1f143b41e24485cea50d1cbac27 -> 
  custom:video-encoder-webm-vp8: eb34c28f22e8b96e1ab97ce403110664 -> 
  custom:video-codec-MediaFoundation-h265: 746d11721c4dcdbdad8f713fa42b33f4 -> 
  custom:video-decoder-webm-vp8: 9c59270c3fd7afecdb556c50c9e8de78 -> 
  custom:graphics/normal-map-encoding: 01000000000000000000000000000000 -> 02000000000000000000000000000000
  custom:audio-decoder-ogg-vorbis: bf7c407c2cedff20999df2af8eb42d56 -> 
  custom:audio-encoder-webm-vorbis: bf7c407c2cedff20999df2af8eb42d56 -> 
========================================================================
Received Import Request.
  Time since last request: 321.462263 seconds.
  path: Assets/Scripts/Gameplay/PlayerMovement.cs
  artifactKey: Guid(110899ce7e6e6b64eaf529c4d220c0c8) Importer(815301076,1909f56bfc062723c751e8b465ee728b)
Start importing Assets/Scripts/Gameplay/PlayerMovement.cs using Guid(110899ce7e6e6b64eaf529c4d220c0c8) Importer(815301076,1909f56bfc062723c751e8b465ee728b)  -> (artifact id: 'f5bf4e0e5a6ee0d85a96f26d76a92098') in 0.018718 seconds 
  Import took 0.028944 seconds .

========================================================================
Received Import Request.
  Time since last request: 0.001541 seconds.
  path: Assets/Scripts/Gameplay/PlayerMovement.cs
  artifactKey: Guid(110899ce7e6e6b64eaf529c4d220c0c8) Importer(815301076,1909f56bfc062723c751e8b465ee728b)
Start importing Assets/Scripts/Gameplay/PlayerMovement.cs using Guid(110899ce7e6e6b64eaf529c4d220c0c8) Importer(815301076,1909f56bfc062723c751e8b465ee728b)  -> (artifact id: 'f5bf4e0e5a6ee0d85a96f26d76a92098') in 0.007294 seconds 
  Import took 0.016052 seconds .

========================================================================
Received Prepare
Registering precompiled user dll's ...
Registered in 0.004333 seconds.
Begin MonoManager ReloadAssembly
Native extension for WindowsStandalone target not found
Native extension for OSXStandalone target not found
Native extension for WebGL target not found
Refreshing native plugins compatible for Editor in 0.51 ms, found 2 plugins.
Preloading 0 native plugins for Editor in 0.00 ms.
Mono: successfully reloaded assembly
- Completed reload, in  0.984 seconds
Platform modules already initialized, skipping
Switching build target platform(19) subTarget(0) extendedPlatform(0) -> platform(13) subTarget(537395200) extendedPlatform(0)
Refreshing native plugins compatible for Editor in 0.51 ms, found 2 plugins.
Preloading 0 native plugins for Editor in 0.00 ms.
Unloading 1987 Unused Serialized files (Serialized files now loaded: 0)
System memory in use before: 89.2 MB.
System memory in use after: 89.3 MB.

Unloading 41 unused Assets to reduce memory usage. Loaded Objects now: 2513.
Total: 1.927100 ms (FindLiveObjects: 0.162200 ms CreateObjectMapping: 0.066600 ms MarkObjects: 1.641700 ms  DeleteObjects: 0.055600 ms)

AssetImportParameters requested are different than current active one (requested -> active):
  custom:framework-win-MediaFoundation: 216162199b28c13a410421893ffa2e32 -> 
  custom:video-decoder-ogg-theora: a1e56fd34408186e4bbccfd4996cb3dc -> 
  custom:container-muxer-webm: aa71ff27fc2769a1b78a27578f13a17b -> 
  custom:container-demuxer-webm: 4f35f7cbe854078d1ac9338744f61a02 -> 
  custom:container-demuxer-ogg: 62fdf1f143b41e24485cea50d1cbac27 -> 
  custom:video-encoder-webm-vp8: eb34c28f22e8b96e1ab97ce403110664 -> 
  custom:video-codec-MediaFoundation-h265: 746d11721c4dcdbdad8f713fa42b33f4 -> 
  custom:video-decoder-webm-vp8: 9c59270c3fd7afecdb556c50c9e8de78 -> 
  custom:graphics/normal-map-encoding: 01000000000000000000000000000000 -> 02000000000000000000000000000000
  custom:audio-decoder-ogg-vorbis: bf7c407c2cedff20999df2af8eb42d56 -> 
  custom:audio-encoder-webm-vorbis: bf7c407c2cedff20999df2af8eb42d56 -> 
========================================================================
Received Import Request.
  Time since last request: 267.285101 seconds.
  path: Assets/Scripts/Gameplay/PlayerMovement.cs
  artifactKey: Guid(110899ce7e6e6b64eaf529c4d220c0c8) Importer(815301076,1909f56bfc062723c751e8b465ee728b)
Start importing Assets/Scripts/Gameplay/PlayerMovement.cs using Guid(110899ce7e6e6b64eaf529c4d220c0c8) Importer(815301076,1909f56bfc062723c751e8b465ee728b)  -> (artifact id: '0d20e719db39d86eaf87b777eabd4bfe') in 0.004204 seconds 
  Import took 0.006803 seconds .

========================================================================
Received Prepare
Registering precompiled user dll's ...
Registered in 0.003620 seconds.
Begin MonoManager ReloadAssembly
Native extension for WindowsStandalone target not found
Native extension for OSXStandalone target not found
Native extension for WebGL target not found
Refreshing native plugins compatible for Editor in 0.51 ms, found 2 plugins.
Preloading 0 native plugins for Editor in 0.00 ms.
Mono: successfully reloaded assembly
- Completed reload, in  0.982 seconds
Platform modules already initialized, skipping
Switching build target platform(19) subTarget(0) extendedPlatform(0) -> platform(13) subTarget(537395200) extendedPlatform(0)
Refreshing native plugins compatible for Editor in 0.50 ms, found 2 plugins.
Preloading 0 native plugins for Editor in 0.00 ms.
Unloading 1987 Unused Serialized files (Serialized files now loaded: 0)
System memory in use before: 89.2 MB.
System memory in use after: 89.3 MB.

Unloading 41 unused Assets to reduce memory usage. Loaded Objects now: 2516.
Total: 2.082600 ms (FindLiveObjects: 0.179700 ms CreateObjectMapping: 0.057700 ms MarkObjects: 1.788500 ms  DeleteObjects: 0.055700 ms)

AssetImportParameters requested are different than current active one (requested -> active):
  custom:framework-win-MediaFoundation: 216162199b28c13a410421893ffa2e32 -> 
  custom:video-decoder-ogg-theora: a1e56fd34408186e4bbccfd4996cb3dc -> 
  custom:container-muxer-webm: aa71ff27fc2769a1b78a27578f13a17b -> 
  custom:container-demuxer-webm: 4f35f7cbe854078d1ac9338744f61a02 -> 
  custom:container-demuxer-ogg: 62fdf1f143b41e24485cea50d1cbac27 -> 
  custom:video-encoder-webm-vp8: eb34c28f22e8b96e1ab97ce403110664 -> 
  custom:video-codec-MediaFoundation-h265: 746d11721c4dcdbdad8f713fa42b33f4 -> 
  custom:video-decoder-webm-vp8: 9c59270c3fd7afecdb556c50c9e8de78 -> 
  custom:graphics/normal-map-encoding: 01000000000000000000000000000000 -> 02000000000000000000000000000000
  custom:audio-decoder-ogg-vorbis: bf7c407c2cedff20999df2af8eb42d56 -> 
  custom:audio-encoder-webm-vorbis: bf7c407c2cedff20999df2af8eb42d56 -> 
========================================================================
Received Import Request.
  Time since last request: 373.436080 seconds.
  path: Assets/Scripts/Gameplay/PlayerMovement.cs
  artifactKey: Guid(110899ce7e6e6b64eaf529c4d220c0c8) Importer(815301076,1909f56bfc062723c751e8b465ee728b)
Start importing Assets/Scripts/Gameplay/PlayerMovement.cs using Guid(110899ce7e6e6b64eaf529c4d220c0c8) Importer(815301076,1909f56bfc062723c751e8b465ee728b)  -> (artifact id: '40c52e2a35282f4ba55b0da69f32cfb0') in 0.023357 seconds 
  Import took 0.025963 seconds .

========================================================================
Received Prepare
Registering precompiled user dll's ...
Registered in 0.003793 seconds.
Begin MonoManager ReloadAssembly
Native extension for WindowsStandalone target not found
Native extension for OSXStandalone target not found
Native extension for WebGL target not found
Refreshing native plugins compatible for Editor in 0.69 ms, found 2 plugins.
Preloading 0 native plugins for Editor in 0.00 ms.
Mono: successfully reloaded assembly
- Completed reload, in  0.964 seconds
Platform modules already initialized, skipping
Switching build target platform(19) subTarget(0) extendedPlatform(0) -> platform(13) subTarget(537395200) extendedPlatform(0)
Refreshing native plugins compatible for Editor in 0.53 ms, found 2 plugins.
Preloading 0 native plugins for Editor in 0.00 ms.
Unloading 1987 Unused Serialized files (Serialized files now loaded: 0)
System memory in use before: 89.2 MB.
System memory in use after: 89.3 MB.

Unloading 41 unused Assets to reduce memory usage. Loaded Objects now: 2519.
Total: 2.120600 ms (FindLiveObjects: 0.183700 ms CreateObjectMapping: 0.057500 ms MarkObjects: 1.823800 ms  DeleteObjects: 0.054600 ms)

AssetImportParameters requested are different than current active one (requested -> active):
  custom:framework-win-MediaFoundation: 216162199b28c13a410421893ffa2e32 -> 
  custom:video-decoder-ogg-theora: a1e56fd34408186e4bbccfd4996cb3dc -> 
  custom:container-muxer-webm: aa71ff27fc2769a1b78a27578f13a17b -> 
  custom:container-demuxer-webm: 4f35f7cbe854078d1ac9338744f61a02 -> 
  custom:container-demuxer-ogg: 62fdf1f143b41e24485cea50d1cbac27 -> 
  custom:video-encoder-webm-vp8: eb34c28f22e8b96e1ab97ce403110664 -> 
  custom:video-codec-MediaFoundation-h265: 746d11721c4dcdbdad8f713fa42b33f4 -> 
  custom:video-decoder-webm-vp8: 9c59270c3fd7afecdb556c50c9e8de78 -> 
  custom:graphics/normal-map-encoding: 01000000000000000000000000000000 -> 02000000000000000000000000000000
  custom:audio-decoder-ogg-vorbis: bf7c407c2cedff20999df2af8eb42d56 -> 
  custom:audio-encoder-webm-vorbis: bf7c407c2cedff20999df2af8eb42d56 -> 
========================================================================
Received Import Request.
  Time since last request: 42.653187 seconds.
  path: Assets/Scripts/Gameplay/PlayerMovement.cs
  artifactKey: Guid(110899ce7e6e6b64eaf529c4d220c0c8) Importer(815301076,1909f56bfc062723c751e8b465ee728b)
Start importing Assets/Scripts/Gameplay/PlayerMovement.cs using Guid(110899ce7e6e6b64eaf529c4d220c0c8) Importer(815301076,1909f56bfc062723c751e8b465ee728b)  -> (artifact id: '1691681c8be67deb4a006a777f20f2b8') in 0.004635 seconds 
  Import took 0.007231 seconds .

========================================================================
Received Import Request.
  Time since last request: 1.446549 seconds.
  path: Assets/Scripts/Gameplay/PlayerMovement.cs
  artifactKey: Guid(110899ce7e6e6b64eaf529c4d220c0c8) Importer(815301076,1909f56bfc062723c751e8b465ee728b)
Start importing Assets/Scripts/Gameplay/PlayerMovement.cs using Guid(110899ce7e6e6b64eaf529c4d220c0c8) Importer(815301076,1909f56bfc062723c751e8b465ee728b)  -> (artifact id: '1691681c8be67deb4a006a777f20f2b8') in 0.002073 seconds 
  Import took 0.004766 seconds .

========================================================================
Received Prepare
Registering precompiled user dll's ...
Registered in 0.004200 seconds.
Begin MonoManager ReloadAssembly
Native extension for WindowsStandalone target not found
Native extension for OSXStandalone target not found
Native extension for WebGL target not found
Refreshing native plugins compatible for Editor in 0.52 ms, found 2 plugins.
Preloading 0 native plugins for Editor in 0.00 ms.
Mono: successfully reloaded assembly
- Completed reload, in  0.934 seconds
Platform modules already initialized, skipping
Switching build target platform(19) subTarget(0) extendedPlatform(0) -> platform(13) subTarget(537395200) extendedPlatform(0)
Refreshing native plugins compatible for Editor in 0.51 ms, found 2 plugins.
Preloading 0 native plugins for Editor in 0.00 ms.
Unloading 1987 Unused Serialized files (Serialized files now loaded: 0)
System memory in use before: 89.2 MB.
System memory in use after: 89.3 MB.

Unloading 41 unused Assets to reduce memory usage. Loaded Objects now: 2522.
Total: 2.056600 ms (FindLiveObjects: 0.173400 ms CreateObjectMapping: 0.055600 ms MarkObjects: 1.776800 ms  DeleteObjects: 0.050000 ms)

AssetImportParameters requested are different than current active one (requested -> active):
  custom:framework-win-MediaFoundation: 216162199b28c13a410421893ffa2e32 -> 
  custom:video-decoder-ogg-theora: a1e56fd34408186e4bbccfd4996cb3dc -> 
  custom:container-muxer-webm: aa71ff27fc2769a1b78a27578f13a17b -> 
  custom:container-demuxer-webm: 4f35f7cbe854078d1ac9338744f61a02 -> 
  custom:container-demuxer-ogg: 62fdf1f143b41e24485cea50d1cbac27 -> 
  custom:video-encoder-webm-vp8: eb34c28f22e8b96e1ab97ce403110664 -> 
  custom:video-codec-MediaFoundation-h265: 746d11721c4dcdbdad8f713fa42b33f4 -> 
  custom:video-decoder-webm-vp8: 9c59270c3fd7afecdb556c50c9e8de78 -> 
  custom:graphics/normal-map-encoding: 01000000000000000000000000000000 -> 02000000000000000000000000000000
  custom:audio-decoder-ogg-vorbis: bf7c407c2cedff20999df2af8eb42d56 -> 
  custom:audio-encoder-webm-vorbis: bf7c407c2cedff20999df2af8eb42d56 -> 
========================================================================
Received Prepare
Registering precompiled user dll's ...
Registered in 0.003786 seconds.
Begin MonoManager ReloadAssembly
Native extension for WindowsStandalone target not found
Native extension for OSXStandalone target not found
Native extension for WebGL target not found
Refreshing native plugins compatible for Editor in 0.51 ms, found 2 plugins.
Preloading 0 native plugins for Editor in 0.00 ms.
Mono: successfully reloaded assembly
- Completed reload, in  0.957 seconds
Platform modules already initialized, skipping
Switching build target platform(19) subTarget(0) extendedPlatform(0) -> platform(13) subTarget(537395200) extendedPlatform(0)
Refreshing native plugins compatible for Editor in 0.51 ms, found 2 plugins.
Preloading 0 native plugins for Editor in 0.00 ms.
Unloading 1987 Unused Serialized files (Serialized files now loaded: 0)
System memory in use before: 89.2 MB.
System memory in use after: 89.3 MB.

Unloading 41 unused Assets to reduce memory usage. Loaded Objects now: 2525.
Total: 2.139000 ms (FindLiveObjects: 0.199500 ms CreateObjectMapping: 0.096800 ms MarkObjects: 1.786500 ms  DeleteObjects: 0.055200 ms)

AssetImportParameters requested are different than current active one (requested -> active):
  custom:framework-win-MediaFoundation: 216162199b28c13a410421893ffa2e32 -> 
  custom:video-decoder-ogg-theora: a1e56fd34408186e4bbccfd4996cb3dc -> 
  custom:container-muxer-webm: aa71ff27fc2769a1b78a27578f13a17b -> 
  custom:container-demuxer-webm: 4f35f7cbe854078d1ac9338744f61a02 -> 
  custom:container-demuxer-ogg: 62fdf1f143b41e24485cea50d1cbac27 -> 
  custom:video-encoder-webm-vp8: eb34c28f22e8b96e1ab97ce403110664 -> 
  custom:video-codec-MediaFoundation-h265: 746d11721c4dcdbdad8f713fa42b33f4 -> 
  custom:video-decoder-webm-vp8: 9c59270c3fd7afecdb556c50c9e8de78 -> 
  custom:graphics/normal-map-encoding: 01000000000000000000000000000000 -> 02000000000000000000000000000000
  custom:audio-decoder-ogg-vorbis: bf7c407c2cedff20999df2af8eb42d56 -> 
  custom:audio-encoder-webm-vorbis: bf7c407c2cedff20999df2af8eb42d56 -> 
========================================================================
Received Import Request.
  Time since last request: 382.971432 seconds.
  path: Assets/Sprites/Test/eb3975d508a56e2693012d2c25c93ea0.png
  artifactKey: Guid(bacd147391b2fce44b13b37fed0cacb1) Importer(815301076,1909f56bfc062723c751e8b465ee728b)
Start importing Assets/Sprites/Test/eb3975d508a56e2693012d2c25c93ea0.png using Guid(bacd147391b2fce44b13b37fed0cacb1) Importer(815301076,1909f56bfc062723c751e8b465ee728b)  -> (artifact id: '54c9bf3ba6c026870d6fb0eb836be032') in 0.110756 seconds 
  Import took 0.114022 seconds .

========================================================================
Received Import Request.
  Time since last request: 135.322468 seconds.
  path: Assets/Animations/Player
  artifactKey: Guid(9cdb39e696758f64b84f9f76dd687cbe) Importer(815301076,1909f56bfc062723c751e8b465ee728b)
Start importing Assets/Animations/Player using Guid(9cdb39e696758f64b84f9f76dd687cbe) Importer(815301076,1909f56bfc062723c751e8b465ee728b)  -> (artifact id: 'd4b4cdb49934d799f39caa2ee14194ad') in 0.006880 seconds 
  Import took 0.010163 seconds .

========================================================================
Received Import Request.
  Time since last request: 0.669540 seconds.
  path: Assets/Animations/Player/Test
  artifactKey: Guid(3faa39b41bcbae845b5698949294ed55) Importer(815301076,1909f56bfc062723c751e8b465ee728b)
Start importing Assets/Animations/Player/Test using Guid(3faa39b41bcbae845b5698949294ed55) Importer(815301076,1909f56bfc062723c751e8b465ee728b)  -> (artifact id: '257c60e9a0e78d085f8145e86b1f3ae6') in 0.005639 seconds 
  Import took 0.008400 seconds .

========================================================================
Received Import Request.
  Time since last request: 0.671551 seconds.
  path: Assets/Animations/Player/Test/Idle.anim
  artifactKey: Guid(4ef922fb7685cbe4f90184c56a63ddcb) Importer(815301076,1909f56bfc062723c751e8b465ee728b)
Start importing Assets/Animations/Player/Test/Idle.anim using Guid(4ef922fb7685cbe4f90184c56a63ddcb) Importer(815301076,1909f56bfc062723c751e8b465ee728b)  -> (artifact id: '4f0d1baf119bcd81fccaa7a51cc0e98a') in 0.007938 seconds 
  Import took 0.010673 seconds .

========================================================================
Received Import Request.
  Time since last request: 0.040451 seconds.
  path: Assets/Animations/Player/Test/Idle.anim
  artifactKey: Guid(4ef922fb7685cbe4f90184c56a63ddcb) Importer(815301076,1909f56bfc062723c751e8b465ee728b)
Start importing Assets/Animations/Player/Test/Idle.anim using Guid(4ef922fb7685cbe4f90184c56a63ddcb) Importer(815301076,1909f56bfc062723c751e8b465ee728b)  -> (artifact id: '4f0d1baf119bcd81fccaa7a51cc0e98a') in 0.002349 seconds 
  Import took 0.005099 seconds .

========================================================================
Received Import Request.
  Time since last request: 1.845090 seconds.
  path: Assets/Animations/Player/Test/Jump.anim
  artifactKey: Guid(ffe9022987e91754b82ba81d610aae46) Importer(815301076,1909f56bfc062723c751e8b465ee728b)
Start importing Assets/Animations/Player/Test/Jump.anim using Guid(ffe9022987e91754b82ba81d610aae46) Importer(815301076,1909f56bfc062723c751e8b465ee728b)  -> (artifact id: '1d73335aac09b753ff52879cba01856d') in 0.007051 seconds 
  Import took 0.010491 seconds .

========================================================================
Received Import Request.
  Time since last request: 0.016584 seconds.
  path: Assets/Animations/Player/Test/Jump.anim
  artifactKey: Guid(ffe9022987e91754b82ba81d610aae46) Importer(815301076,1909f56bfc062723c751e8b465ee728b)
Start importing Assets/Animations/Player/Test/Jump.anim using Guid(ffe9022987e91754b82ba81d610aae46) Importer(815301076,1909f56bfc062723c751e8b465ee728b)  -> (artifact id: '1d73335aac09b753ff52879cba01856d') in 0.002641 seconds 
  Import took 0.005477 seconds .

========================================================================
Received Prepare
Registering precompiled user dll's ...
Registered in 0.003754 seconds.
Begin MonoManager ReloadAssembly
Native extension for WindowsStandalone target not found
Native extension for OSXStandalone target not found
Native extension for WebGL target not found
Refreshing native plugins compatible for Editor in 0.51 ms, found 2 plugins.
Preloading 0 native plugins for Editor in 0.00 ms.
Mono: successfully reloaded assembly
- Completed reload, in  1.002 seconds
Platform modules already initialized, skipping
Switching build target platform(19) subTarget(0) extendedPlatform(0) -> platform(13) subTarget(537395200) extendedPlatform(0)
Refreshing native plugins compatible for Editor in 0.82 ms, found 2 plugins.
Preloading 0 native plugins for Editor in 0.00 ms.
Unloading 1987 Unused Serialized files (Serialized files now loaded: 0)
System memory in use before: 89.3 MB.
System memory in use after: 89.4 MB.

Unloading 41 unused Assets to reduce memory usage. Loaded Objects now: 2531.
Total: 2.171500 ms (FindLiveObjects: 0.186400 ms CreateObjectMapping: 0.066800 ms MarkObjects: 1.859500 ms  DeleteObjects: 0.058000 ms)

AssetImportParameters requested are different than current active one (requested -> active):
  custom:framework-win-MediaFoundation: 216162199b28c13a410421893ffa2e32 -> 
  custom:video-decoder-ogg-theora: a1e56fd34408186e4bbccfd4996cb3dc -> 
  custom:container-muxer-webm: aa71ff27fc2769a1b78a27578f13a17b -> 
  custom:container-demuxer-webm: 4f35f7cbe854078d1ac9338744f61a02 -> 
  custom:container-demuxer-ogg: 62fdf1f143b41e24485cea50d1cbac27 -> 
  custom:video-encoder-webm-vp8: eb34c28f22e8b96e1ab97ce403110664 -> 
  custom:video-codec-MediaFoundation-h265: 746d11721c4dcdbdad8f713fa42b33f4 -> 
  custom:video-decoder-webm-vp8: 9c59270c3fd7afecdb556c50c9e8de78 -> 
  custom:graphics/normal-map-encoding: 01000000000000000000000000000000 -> 02000000000000000000000000000000
  custom:audio-decoder-ogg-vorbis: bf7c407c2cedff20999df2af8eb42d56 -> 
  custom:audio-encoder-webm-vorbis: bf7c407c2cedff20999df2af8eb42d56 -> 
========================================================================
Received Prepare
Registering precompiled user dll's ...
Registered in 0.004061 seconds.
Begin MonoManager ReloadAssembly
Native extension for WindowsStandalone target not found
Native extension for OSXStandalone target not found
Native extension for WebGL target not found
Refreshing native plugins compatible for Editor in 0.52 ms, found 2 plugins.
Preloading 0 native plugins for Editor in 0.00 ms.
Mono: successfully reloaded assembly
- Completed reload, in  1.083 seconds
Platform modules already initialized, skipping
Switching build target platform(19) subTarget(0) extendedPlatform(0) -> platform(13) subTarget(537395200) extendedPlatform(0)
Refreshing native plugins compatible for Editor in 0.50 ms, found 2 plugins.
Preloading 0 native plugins for Editor in 0.00 ms.
Unloading 1987 Unused Serialized files (Serialized files now loaded: 0)
System memory in use before: 89.3 MB.
System memory in use after: 89.4 MB.

Unloading 41 unused Assets to reduce memory usage. Loaded Objects now: 2534.
Total: 1.960600 ms (FindLiveObjects: 0.154400 ms CreateObjectMapping: 0.058800 ms MarkObjects: 1.694800 ms  DeleteObjects: 0.051800 ms)

AssetImportParameters requested are different than current active one (requested -> active):
  custom:framework-win-MediaFoundation: 216162199b28c13a410421893ffa2e32 -> 
  custom:video-decoder-ogg-theora: a1e56fd34408186e4bbccfd4996cb3dc -> 
  custom:container-muxer-webm: aa71ff27fc2769a1b78a27578f13a17b -> 
  custom:container-demuxer-webm: 4f35f7cbe854078d1ac9338744f61a02 -> 
  custom:container-demuxer-ogg: 62fdf1f143b41e24485cea50d1cbac27 -> 
  custom:video-encoder-webm-vp8: eb34c28f22e8b96e1ab97ce403110664 -> 
  custom:video-codec-MediaFoundation-h265: 746d11721c4dcdbdad8f713fa42b33f4 -> 
  custom:video-decoder-webm-vp8: 9c59270c3fd7afecdb556c50c9e8de78 -> 
  custom:graphics/normal-map-encoding: 01000000000000000000000000000000 -> 02000000000000000000000000000000
  custom:audio-decoder-ogg-vorbis: bf7c407c2cedff20999df2af8eb42d56 -> 
  custom:audio-encoder-webm-vorbis: bf7c407c2cedff20999df2af8eb42d56 -> 
========================================================================
Received Prepare
Registering precompiled user dll's ...
Registered in 0.003743 seconds.
Begin MonoManager ReloadAssembly
Native extension for WindowsStandalone target not found
Native extension for OSXStandalone target not found
Native extension for WebGL target not found
Refreshing native plugins compatible for Editor in 0.52 ms, found 2 plugins.
Preloading 0 native plugins for Editor in 0.00 ms.
Mono: successfully reloaded assembly
- Completed reload, in  0.962 seconds
Platform modules already initialized, skipping
Switching build target platform(19) subTarget(0) extendedPlatform(0) -> platform(13) subTarget(537395200) extendedPlatform(0)
Refreshing native plugins compatible for Editor in 0.52 ms, found 2 plugins.
Preloading 0 native plugins for Editor in 0.00 ms.
Unloading 1987 Unused Serialized files (Serialized files now loaded: 0)
System memory in use before: 89.3 MB.
System memory in use after: 89.4 MB.

Unloading 41 unused Assets to reduce memory usage. Loaded Objects now: 2537.
Total: 3.809000 ms (FindLiveObjects: 0.191500 ms CreateObjectMapping: 0.062400 ms MarkObjects: 3.131200 ms  DeleteObjects: 0.422500 ms)

AssetImportParameters requested are different than current active one (requested -> active):
  custom:framework-win-MediaFoundation: 216162199b28c13a410421893ffa2e32 -> 
  custom:video-decoder-ogg-theora: a1e56fd34408186e4bbccfd4996cb3dc -> 
  custom:container-muxer-webm: aa71ff27fc2769a1b78a27578f13a17b -> 
  custom:container-demuxer-webm: 4f35f7cbe854078d1ac9338744f61a02 -> 
  custom:container-demuxer-ogg: 62fdf1f143b41e24485cea50d1cbac27 -> 
  custom:video-encoder-webm-vp8: eb34c28f22e8b96e1ab97ce403110664 -> 
  custom:video-codec-MediaFoundation-h265: 746d11721c4dcdbdad8f713fa42b33f4 -> 
  custom:video-decoder-webm-vp8: 9c59270c3fd7afecdb556c50c9e8de78 -> 
  custom:graphics/normal-map-encoding: 01000000000000000000000000000000 -> 02000000000000000000000000000000
  custom:audio-decoder-ogg-vorbis: bf7c407c2cedff20999df2af8eb42d56 -> 
  custom:audio-encoder-webm-vorbis: bf7c407c2cedff20999df2af8eb42d56 -> 
========================================================================
Received Prepare
Registering precompiled user dll's ...
Registered in 0.003773 seconds.
Begin MonoManager ReloadAssembly
Native extension for WindowsStandalone target not found
Native extension for OSXStandalone target not found
Native extension for WebGL target not found
Refreshing native plugins compatible for Editor in 0.54 ms, found 2 plugins.
Preloading 0 native plugins for Editor in 0.00 ms.
Mono: successfully reloaded assembly
- Completed reload, in  1.319 seconds
Platform modules already initialized, skipping
Switching build target platform(19) subTarget(0) extendedPlatform(0) -> platform(13) subTarget(537395200) extendedPlatform(0)
Refreshing native plugins compatible for Editor in 1.03 ms, found 2 plugins.
Preloading 0 native plugins for Editor in 0.00 ms.
Unloading 1987 Unused Serialized files (Serialized files now loaded: 0)
System memory in use before: 89.3 MB.
System memory in use after: 89.4 MB.

Unloading 41 unused Assets to reduce memory usage. Loaded Objects now: 2540.
Total: 3.606100 ms (FindLiveObjects: 0.302500 ms CreateObjectMapping: 0.096300 ms MarkObjects: 2.991000 ms  DeleteObjects: 0.214000 ms)

AssetImportParameters requested are different than current active one (requested -> active):
  custom:framework-win-MediaFoundation: 216162199b28c13a410421893ffa2e32 -> 
  custom:video-decoder-ogg-theora: a1e56fd34408186e4bbccfd4996cb3dc -> 
  custom:container-muxer-webm: aa71ff27fc2769a1b78a27578f13a17b -> 
  custom:container-demuxer-webm: 4f35f7cbe854078d1ac9338744f61a02 -> 
  custom:container-demuxer-ogg: 62fdf1f143b41e24485cea50d1cbac27 -> 
  custom:video-encoder-webm-vp8: eb34c28f22e8b96e1ab97ce403110664 -> 
  custom:video-codec-MediaFoundation-h265: 746d11721c4dcdbdad8f713fa42b33f4 -> 
  custom:video-decoder-webm-vp8: 9c59270c3fd7afecdb556c50c9e8de78 -> 
  custom:graphics/normal-map-encoding: 01000000000000000000000000000000 -> 02000000000000000000000000000000
  custom:audio-decoder-ogg-vorbis: bf7c407c2cedff20999df2af8eb42d56 -> 
  custom:audio-encoder-webm-vorbis: bf7c407c2cedff20999df2af8eb42d56 -> 
