Using pre-set license
Built from '2020.3/release' branch; Version is '2020.3.12f1 (b3b2c6512326) revision 11776710'; Using compiler version '192528614'; Build Type 'Release'
OS: 'Windows 10 Home Single Language; OS build 19042.1237; Version 2009; 64bit' Language: 'es' Physical Memory: 16235 MB
BatchMode: 1, IsHumanControllingUs: 0, StartBugReporterOnCrash: 0, Is64bit: 1, IsPro: 0

 COMMAND LINE ARGUMENTS:
C:\Program Files\Unity\Hub\Editor\2020.3.12f1\Editor\Unity.exe
-adb2
-batchMode
-noUpm
-name
AssetImportWorker0
-projectPath
D:/Escritorio/Unity (Juegos)/Trabajos externos/2D/Michis Espaciales FRJuegos/Rev1
-logFile
Logs/AssetImportWorker0.log
-srvPort
61121
Successfully changed project path to: D:/Escritorio/Unity (Juegos)/Trabajos externos/2D/Michis Espaciales FRJuegos/Rev1
D:/Escritorio/Unity (Juegos)/Trabajos externos/2D/Michis Espaciales FRJuegos/Rev1
Using Asset Import Pipeline V2.
Refreshing native plugins compatible for Editor in 312.88 ms, found 2 plugins.
Preloading 0 native plugins for Editor in 0.00 ms.
Initialize engine version: 2020.3.12f1 (b3b2c6512326)
[Subsystems] Discovering subsystems at path C:/Program Files/Unity/Hub/Editor/2020.3.12f1/Editor/Data/Resources/UnitySubsystems
[Subsystems] Discovering subsystems at path D:/Escritorio/Unity (Juegos)/Trabajos externos/2D/Michis Espaciales FRJuegos/Rev1/Assets
GfxDevice: creating device client; threaded=0
Direct3D:
    Version:  Direct3D 11.0 [level 11.1]
    Renderer: NVIDIA GeForce GTX 1650 (ID=0x1f91)
    Vendor:   
    VRAM:     3962 MB
    Driver:   30.0.14.7212
Initialize mono
Mono path[0] = 'C:/Program Files/Unity/Hub/Editor/2020.3.12f1/Editor/Data/Managed'
Mono path[1] = 'C:/Program Files/Unity/Hub/Editor/2020.3.12f1/Editor/Data/MonoBleedingEdge/lib/mono/unityjit'
Mono config path = 'C:/Program Files/Unity/Hub/Editor/2020.3.12f1/Editor/Data/MonoBleedingEdge/etc'
Using monoOptions --debugger-agent=transport=dt_socket,embedding=1,server=y,suspend=n,address=127.0.0.1:56948
Begin MonoManager ReloadAssembly
Registering precompiled unity dll's ...
Register platform support module: C:/Program Files/Unity/Hub/Editor/2020.3.12f1/Editor/Data/PlaybackEngines/WebGLSupport/UnityEditor.WebGL.Extensions.dll
Register platform support module: C:/Program Files/Unity/Hub/Editor/2020.3.12f1/Editor/Data/PlaybackEngines/MacStandaloneSupport/UnityEditor.OSXStandalone.Extensions.dll
Register platform support module: C:/Program Files/Unity/Hub/Editor/2020.3.12f1/Editor/Data/PlaybackEngines/WindowsStandaloneSupport/UnityEditor.WindowsStandalone.Extensions.dll
Registered in 0.003884 seconds.
Native extension for WindowsStandalone target not found
Native extension for OSXStandalone target not found
Native extension for WebGL target not found
Refreshing native plugins compatible for Editor in 59.27 ms, found 2 plugins.
Preloading 0 native plugins for Editor in 0.00 ms.
Mono: successfully reloaded assembly
- Completed reload, in  3.230 seconds
Platform modules already initialized, skipping
Registering precompiled user dll's ...
Registered in 0.174910 seconds.
Begin MonoManager ReloadAssembly
Native extension for WindowsStandalone target not found
Native extension for OSXStandalone target not found
Native extension for WebGL target not found
Refreshing native plugins compatible for Editor in 0.74 ms, found 2 plugins.
Preloading 0 native plugins for Editor in 0.00 ms.
Mono: successfully reloaded assembly
- Completed reload, in  1.908 seconds
Platform modules already initialized, skipping
========================================================================
Worker process is ready to serve import requests
Launched and connected shader compiler UnityShaderCompiler.exe after 0.07 seconds
Refreshing native plugins compatible for Editor in 0.88 ms, found 2 plugins.
Preloading 0 native plugins for Editor in 0.00 ms.
Unloading 1995 Unused Serialized files (Serialized files now loaded: 0)
System memory in use before: 87.6 MB.
System memory in use after: 87.6 MB.

Unloading 50 unused Assets to reduce memory usage. Loaded Objects now: 2414.
Total: 3.778900 ms (FindLiveObjects: 0.242600 ms CreateObjectMapping: 0.113200 ms MarkObjects: 3.301300 ms  DeleteObjects: 0.120400 ms)

AssetImportParameters requested are different than current active one (requested -> active):
  custom:framework-win-MediaFoundation: 216162199b28c13a410421893ffa2e32 -> 
  custom:video-decoder-ogg-theora: a1e56fd34408186e4bbccfd4996cb3dc -> 
  custom:container-muxer-webm: aa71ff27fc2769a1b78a27578f13a17b -> 
  custom:container-demuxer-webm: 4f35f7cbe854078d1ac9338744f61a02 -> 
  custom:container-demuxer-ogg: 62fdf1f143b41e24485cea50d1cbac27 -> 
  custom:video-encoder-webm-vp8: eb34c28f22e8b96e1ab97ce403110664 -> 
  custom:video-codec-MediaFoundation-h265: 746d11721c4dcdbdad8f713fa42b33f4 -> 
  custom:video-decoder-webm-vp8: 9c59270c3fd7afecdb556c50c9e8de78 -> 
  custom:audio-decoder-ogg-vorbis: bf7c407c2cedff20999df2af8eb42d56 -> 
  custom:audio-encoder-webm-vorbis: bf7c407c2cedff20999df2af8eb42d56 -> 
========================================================================
Received Import Request.
  path: Assets/Prefabs/Spaceship.prefab
  artifactKey: Guid(dd93e99e6a2e11146beee0ca4bb0a868) Importer(815301076,1909f56bfc062723c751e8b465ee728b)
Start importing Assets/Prefabs/Spaceship.prefab using Guid(dd93e99e6a2e11146beee0ca4bb0a868) Importer(815301076,1909f56bfc062723c751e8b465ee728b)  -> (artifact id: 'f0727871b5d4eb818a35928ae8c50f85') in 0.066672 seconds 
  Import took 0.071442 seconds .

========================================================================
Received Prepare
Registering precompiled user dll's ...
Registered in 0.006787 seconds.
Begin MonoManager ReloadAssembly
Native extension for WindowsStandalone target not found
Native extension for OSXStandalone target not found
Native extension for WebGL target not found
Refreshing native plugins compatible for Editor in 0.75 ms, found 2 plugins.
Preloading 0 native plugins for Editor in 0.00 ms.
Mono: successfully reloaded assembly
- Completed reload, in  1.525 seconds
Platform modules already initialized, skipping
Switching build target platform(19) subTarget(0) extendedPlatform(0) -> platform(13) subTarget(537395200) extendedPlatform(0)
Refreshing native plugins compatible for Editor in 0.74 ms, found 2 plugins.
Preloading 0 native plugins for Editor in 0.00 ms.
Unloading 1974 Unused Serialized files (Serialized files now loaded: 0)
System memory in use before: 85.6 MB.
System memory in use after: 85.7 MB.

Unloading 41 unused Assets to reduce memory usage. Loaded Objects now: 2417.
Total: 2.894000 ms (FindLiveObjects: 0.227400 ms CreateObjectMapping: 0.089800 ms MarkObjects: 2.499200 ms  DeleteObjects: 0.076300 ms)

AssetImportParameters requested are different than current active one (requested -> active):
  custom:framework-win-MediaFoundation: 216162199b28c13a410421893ffa2e32 -> 
  custom:video-decoder-ogg-theora: a1e56fd34408186e4bbccfd4996cb3dc -> 
  custom:container-muxer-webm: aa71ff27fc2769a1b78a27578f13a17b -> 
  custom:container-demuxer-webm: 4f35f7cbe854078d1ac9338744f61a02 -> 
  custom:container-demuxer-ogg: 62fdf1f143b41e24485cea50d1cbac27 -> 
  custom:video-encoder-webm-vp8: eb34c28f22e8b96e1ab97ce403110664 -> 
  custom:video-codec-MediaFoundation-h265: 746d11721c4dcdbdad8f713fa42b33f4 -> 
  custom:video-decoder-webm-vp8: 9c59270c3fd7afecdb556c50c9e8de78 -> 
  custom:graphics/normal-map-encoding: 01000000000000000000000000000000 -> 02000000000000000000000000000000
  custom:audio-decoder-ogg-vorbis: bf7c407c2cedff20999df2af8eb42d56 -> 
  custom:audio-encoder-webm-vorbis: bf7c407c2cedff20999df2af8eb42d56 -> 
========================================================================
Received Prepare
Registering precompiled user dll's ...
Registered in 0.007112 seconds.
Begin MonoManager ReloadAssembly
Native extension for WindowsStandalone target not found
Native extension for OSXStandalone target not found
Native extension for WebGL target not found
Refreshing native plugins compatible for Editor in 0.77 ms, found 2 plugins.
Preloading 0 native plugins for Editor in 0.00 ms.
Mono: successfully reloaded assembly
- Completed reload, in  1.534 seconds
Platform modules already initialized, skipping
Switching build target platform(19) subTarget(0) extendedPlatform(0) -> platform(13) subTarget(537395200) extendedPlatform(0)
Refreshing native plugins compatible for Editor in 0.88 ms, found 2 plugins.
Preloading 0 native plugins for Editor in 0.00 ms.
Unloading 1974 Unused Serialized files (Serialized files now loaded: 0)
System memory in use before: 85.7 MB.
System memory in use after: 85.7 MB.

Unloading 41 unused Assets to reduce memory usage. Loaded Objects now: 2420.
Total: 2.865900 ms (FindLiveObjects: 0.235400 ms CreateObjectMapping: 0.092600 ms MarkObjects: 2.447300 ms  DeleteObjects: 0.089300 ms)

AssetImportParameters requested are different than current active one (requested -> active):
  custom:framework-win-MediaFoundation: 216162199b28c13a410421893ffa2e32 -> 
  custom:video-decoder-ogg-theora: a1e56fd34408186e4bbccfd4996cb3dc -> 
  custom:container-muxer-webm: aa71ff27fc2769a1b78a27578f13a17b -> 
  custom:container-demuxer-webm: 4f35f7cbe854078d1ac9338744f61a02 -> 
  custom:container-demuxer-ogg: 62fdf1f143b41e24485cea50d1cbac27 -> 
  custom:video-encoder-webm-vp8: eb34c28f22e8b96e1ab97ce403110664 -> 
  custom:video-codec-MediaFoundation-h265: 746d11721c4dcdbdad8f713fa42b33f4 -> 
  custom:video-decoder-webm-vp8: 9c59270c3fd7afecdb556c50c9e8de78 -> 
  custom:graphics/normal-map-encoding: 01000000000000000000000000000000 -> 02000000000000000000000000000000
  custom:audio-decoder-ogg-vorbis: bf7c407c2cedff20999df2af8eb42d56 -> 
  custom:audio-encoder-webm-vorbis: bf7c407c2cedff20999df2af8eb42d56 -> 
========================================================================
Received Import Request.
  Time since last request: 254.980176 seconds.
  path: Assets/Prefabs/Spaceship.prefab
  artifactKey: Guid(dd93e99e6a2e11146beee0ca4bb0a868) Importer(815301076,1909f56bfc062723c751e8b465ee728b)
Start importing Assets/Prefabs/Spaceship.prefab using Guid(dd93e99e6a2e11146beee0ca4bb0a868) Importer(815301076,1909f56bfc062723c751e8b465ee728b)  -> (artifact id: '941f0543e0fe3dc47ccc197a9c3f5a64') in 0.044159 seconds 
  Import took 0.048629 seconds .

========================================================================
Received Prepare
Registering precompiled user dll's ...
Registered in 0.007224 seconds.
Begin MonoManager ReloadAssembly
Native extension for WindowsStandalone target not found
Native extension for OSXStandalone target not found
Native extension for WebGL target not found
Refreshing native plugins compatible for Editor in 0.75 ms, found 2 plugins.
Preloading 0 native plugins for Editor in 0.00 ms.
Mono: successfully reloaded assembly
- Completed reload, in  1.625 seconds
Platform modules already initialized, skipping
Switching build target platform(19) subTarget(0) extendedPlatform(0) -> platform(13) subTarget(537395200) extendedPlatform(0)
Refreshing native plugins compatible for Editor in 0.72 ms, found 2 plugins.
Preloading 0 native plugins for Editor in 0.00 ms.
Unloading 1974 Unused Serialized files (Serialized files now loaded: 0)
System memory in use before: 85.7 MB.
System memory in use after: 85.8 MB.

Unloading 41 unused Assets to reduce memory usage. Loaded Objects now: 2423.
Total: 2.764800 ms (FindLiveObjects: 0.231000 ms CreateObjectMapping: 0.107000 ms MarkObjects: 2.342100 ms  DeleteObjects: 0.083200 ms)

AssetImportParameters requested are different than current active one (requested -> active):
  custom:framework-win-MediaFoundation: 216162199b28c13a410421893ffa2e32 -> 
  custom:video-decoder-ogg-theora: a1e56fd34408186e4bbccfd4996cb3dc -> 
  custom:container-muxer-webm: aa71ff27fc2769a1b78a27578f13a17b -> 
  custom:container-demuxer-webm: 4f35f7cbe854078d1ac9338744f61a02 -> 
  custom:container-demuxer-ogg: 62fdf1f143b41e24485cea50d1cbac27 -> 
  custom:video-encoder-webm-vp8: eb34c28f22e8b96e1ab97ce403110664 -> 
  custom:video-codec-MediaFoundation-h265: 746d11721c4dcdbdad8f713fa42b33f4 -> 
  custom:video-decoder-webm-vp8: 9c59270c3fd7afecdb556c50c9e8de78 -> 
  custom:graphics/normal-map-encoding: 01000000000000000000000000000000 -> 02000000000000000000000000000000
  custom:audio-decoder-ogg-vorbis: bf7c407c2cedff20999df2af8eb42d56 -> 
  custom:audio-encoder-webm-vorbis: bf7c407c2cedff20999df2af8eb42d56 -> 
========================================================================
Received Prepare
Registering precompiled user dll's ...
Registered in 0.006690 seconds.
Begin MonoManager ReloadAssembly
Native extension for WindowsStandalone target not found
Native extension for OSXStandalone target not found
Native extension for WebGL target not found
Refreshing native plugins compatible for Editor in 0.73 ms, found 2 plugins.
Preloading 0 native plugins for Editor in 0.00 ms.
Mono: successfully reloaded assembly
- Completed reload, in  1.615 seconds
Platform modules already initialized, skipping
Switching build target platform(19) subTarget(0) extendedPlatform(0) -> platform(13) subTarget(537395200) extendedPlatform(0)
Refreshing native plugins compatible for Editor in 1.27 ms, found 2 plugins.
Preloading 0 native plugins for Editor in 0.00 ms.
Unloading 1974 Unused Serialized files (Serialized files now loaded: 0)
System memory in use before: 85.7 MB.
System memory in use after: 85.8 MB.

Unloading 41 unused Assets to reduce memory usage. Loaded Objects now: 2426.
Total: 3.064500 ms (FindLiveObjects: 0.311700 ms CreateObjectMapping: 0.139200 ms MarkObjects: 2.531700 ms  DeleteObjects: 0.080200 ms)

AssetImportParameters requested are different than current active one (requested -> active):
  custom:framework-win-MediaFoundation: 216162199b28c13a410421893ffa2e32 -> 
  custom:video-decoder-ogg-theora: a1e56fd34408186e4bbccfd4996cb3dc -> 
  custom:container-muxer-webm: aa71ff27fc2769a1b78a27578f13a17b -> 
  custom:container-demuxer-webm: 4f35f7cbe854078d1ac9338744f61a02 -> 
  custom:container-demuxer-ogg: 62fdf1f143b41e24485cea50d1cbac27 -> 
  custom:video-encoder-webm-vp8: eb34c28f22e8b96e1ab97ce403110664 -> 
  custom:video-codec-MediaFoundation-h265: 746d11721c4dcdbdad8f713fa42b33f4 -> 
  custom:video-decoder-webm-vp8: 9c59270c3fd7afecdb556c50c9e8de78 -> 
  custom:graphics/normal-map-encoding: 01000000000000000000000000000000 -> 02000000000000000000000000000000
  custom:audio-decoder-ogg-vorbis: bf7c407c2cedff20999df2af8eb42d56 -> 
  custom:audio-encoder-webm-vorbis: bf7c407c2cedff20999df2af8eb42d56 -> 
========================================================================
Received Import Request.
  Time since last request: 238.368315 seconds.
  path: Assets/Prefabs/Spaceship.prefab
  artifactKey: Guid(dd93e99e6a2e11146beee0ca4bb0a868) Importer(815301076,1909f56bfc062723c751e8b465ee728b)
Start importing Assets/Prefabs/Spaceship.prefab using Guid(dd93e99e6a2e11146beee0ca4bb0a868) Importer(815301076,1909f56bfc062723c751e8b465ee728b)  -> (artifact id: '84f1ae35723728b04ba8b32c584286ae') in 0.060040 seconds 
  Import took 0.064335 seconds .

========================================================================
Received Import Request.
  Time since last request: 9.389498 seconds.
  path: Assets/Prefabs/Spaceship.prefab
  artifactKey: Guid(dd93e99e6a2e11146beee0ca4bb0a868) Importer(815301076,1909f56bfc062723c751e8b465ee728b)
Start importing Assets/Prefabs/Spaceship.prefab using Guid(dd93e99e6a2e11146beee0ca4bb0a868) Importer(815301076,1909f56bfc062723c751e8b465ee728b)  -> (artifact id: '0d33864ec4d9dbdb516a516b20332d6e') in 0.006622 seconds 
  Import took 0.011188 seconds .

========================================================================
Received Import Request.
  Time since last request: 0.000962 seconds.
  path: Assets/Prefabs/Spaceship.prefab
  artifactKey: Guid(dd93e99e6a2e11146beee0ca4bb0a868) Importer(815301076,1909f56bfc062723c751e8b465ee728b)
Start importing Assets/Prefabs/Spaceship.prefab using Guid(dd93e99e6a2e11146beee0ca4bb0a868) Importer(815301076,1909f56bfc062723c751e8b465ee728b)  -> (artifact id: '0d33864ec4d9dbdb516a516b20332d6e') in 0.007199 seconds 
  Import took 0.011964 seconds .

========================================================================
Received Prepare
Registering precompiled user dll's ...
Registered in 0.006894 seconds.
Begin MonoManager ReloadAssembly
Native extension for WindowsStandalone target not found
Native extension for OSXStandalone target not found
Native extension for WebGL target not found
Refreshing native plugins compatible for Editor in 0.94 ms, found 2 plugins.
Preloading 0 native plugins for Editor in 0.00 ms.
Mono: successfully reloaded assembly
- Completed reload, in  1.621 seconds
Platform modules already initialized, skipping
Switching build target platform(19) subTarget(0) extendedPlatform(0) -> platform(13) subTarget(537395200) extendedPlatform(0)
Refreshing native plugins compatible for Editor in 0.74 ms, found 2 plugins.
Preloading 0 native plugins for Editor in 0.00 ms.
Unloading 1974 Unused Serialized files (Serialized files now loaded: 0)
System memory in use before: 85.7 MB.
System memory in use after: 85.8 MB.

Unloading 41 unused Assets to reduce memory usage. Loaded Objects now: 2429.
Total: 3.022900 ms (FindLiveObjects: 0.210200 ms CreateObjectMapping: 0.095200 ms MarkObjects: 2.639100 ms  DeleteObjects: 0.077100 ms)

AssetImportParameters requested are different than current active one (requested -> active):
  custom:framework-win-MediaFoundation: 216162199b28c13a410421893ffa2e32 -> 
  custom:video-decoder-ogg-theora: a1e56fd34408186e4bbccfd4996cb3dc -> 
  custom:container-muxer-webm: aa71ff27fc2769a1b78a27578f13a17b -> 
  custom:container-demuxer-webm: 4f35f7cbe854078d1ac9338744f61a02 -> 
  custom:container-demuxer-ogg: 62fdf1f143b41e24485cea50d1cbac27 -> 
  custom:video-encoder-webm-vp8: eb34c28f22e8b96e1ab97ce403110664 -> 
  custom:video-codec-MediaFoundation-h265: 746d11721c4dcdbdad8f713fa42b33f4 -> 
  custom:video-decoder-webm-vp8: 9c59270c3fd7afecdb556c50c9e8de78 -> 
  custom:graphics/normal-map-encoding: 01000000000000000000000000000000 -> 02000000000000000000000000000000
  custom:audio-decoder-ogg-vorbis: bf7c407c2cedff20999df2af8eb42d56 -> 
  custom:audio-encoder-webm-vorbis: bf7c407c2cedff20999df2af8eb42d56 -> 
========================================================================
Received Prepare
Registering precompiled user dll's ...
Registered in 0.006765 seconds.
Begin MonoManager ReloadAssembly
Native extension for WindowsStandalone target not found
Native extension for OSXStandalone target not found
Native extension for WebGL target not found
Refreshing native plugins compatible for Editor in 0.73 ms, found 2 plugins.
Preloading 0 native plugins for Editor in 0.00 ms.
Mono: successfully reloaded assembly
- Completed reload, in  1.582 seconds
Platform modules already initialized, skipping
Switching build target platform(19) subTarget(0) extendedPlatform(0) -> platform(13) subTarget(537395200) extendedPlatform(0)
Refreshing native plugins compatible for Editor in 0.73 ms, found 2 plugins.
Preloading 0 native plugins for Editor in 0.00 ms.
Unloading 1974 Unused Serialized files (Serialized files now loaded: 0)
System memory in use before: 85.7 MB.
System memory in use after: 85.8 MB.

Unloading 41 unused Assets to reduce memory usage. Loaded Objects now: 2432.
Total: 2.944600 ms (FindLiveObjects: 0.262700 ms CreateObjectMapping: 0.101100 ms MarkObjects: 2.500400 ms  DeleteObjects: 0.078500 ms)

AssetImportParameters requested are different than current active one (requested -> active):
  custom:framework-win-MediaFoundation: 216162199b28c13a410421893ffa2e32 -> 
  custom:video-decoder-ogg-theora: a1e56fd34408186e4bbccfd4996cb3dc -> 
  custom:container-muxer-webm: aa71ff27fc2769a1b78a27578f13a17b -> 
  custom:container-demuxer-webm: 4f35f7cbe854078d1ac9338744f61a02 -> 
  custom:container-demuxer-ogg: 62fdf1f143b41e24485cea50d1cbac27 -> 
  custom:video-encoder-webm-vp8: eb34c28f22e8b96e1ab97ce403110664 -> 
  custom:video-codec-MediaFoundation-h265: 746d11721c4dcdbdad8f713fa42b33f4 -> 
  custom:video-decoder-webm-vp8: 9c59270c3fd7afecdb556c50c9e8de78 -> 
  custom:graphics/normal-map-encoding: 01000000000000000000000000000000 -> 02000000000000000000000000000000
  custom:audio-decoder-ogg-vorbis: bf7c407c2cedff20999df2af8eb42d56 -> 
  custom:audio-encoder-webm-vorbis: bf7c407c2cedff20999df2af8eb42d56 -> 
========================================================================
Received Import Request.
  Time since last request: 31.544115 seconds.
  path: Assets/Prefabs/Spaceship.prefab
  artifactKey: Guid(dd93e99e6a2e11146beee0ca4bb0a868) Importer(815301076,1909f56bfc062723c751e8b465ee728b)
Start importing Assets/Prefabs/Spaceship.prefab using Guid(dd93e99e6a2e11146beee0ca4bb0a868) Importer(815301076,1909f56bfc062723c751e8b465ee728b)  -> (artifact id: 'c1f1b9f715038e0f8b1e65bf52a029df') in 0.044665 seconds 
  Import took 0.048842 seconds .

========================================================================
Received Import Request.
  Time since last request: 5.379836 seconds.
  path: Assets/Prefabs/Spaceship.prefab
  artifactKey: Guid(dd93e99e6a2e11146beee0ca4bb0a868) Importer(815301076,1909f56bfc062723c751e8b465ee728b)
Start importing Assets/Prefabs/Spaceship.prefab using Guid(dd93e99e6a2e11146beee0ca4bb0a868) Importer(815301076,1909f56bfc062723c751e8b465ee728b)  -> (artifact id: '442519ae98510afb30ed91879e72eb8c') in 0.006030 seconds 
  Import took 0.010143 seconds .

========================================================================
Received Import Request.
  Time since last request: 0.001614 seconds.
  path: Assets/Prefabs/Spaceship.prefab
  artifactKey: Guid(dd93e99e6a2e11146beee0ca4bb0a868) Importer(815301076,1909f56bfc062723c751e8b465ee728b)
Start importing Assets/Prefabs/Spaceship.prefab using Guid(dd93e99e6a2e11146beee0ca4bb0a868) Importer(815301076,1909f56bfc062723c751e8b465ee728b)  -> (artifact id: '442519ae98510afb30ed91879e72eb8c') in 0.006841 seconds 
  Import took 0.011546 seconds .

========================================================================
Received Import Request.
  Time since last request: 8.084507 seconds.
  path: Assets/Prefabs/Spaceship.prefab
  artifactKey: Guid(dd93e99e6a2e11146beee0ca4bb0a868) Importer(815301076,1909f56bfc062723c751e8b465ee728b)
Start importing Assets/Prefabs/Spaceship.prefab using Guid(dd93e99e6a2e11146beee0ca4bb0a868) Importer(815301076,1909f56bfc062723c751e8b465ee728b)  -> (artifact id: '3218b4f608a0f1d1548bc2bca2ac26d9') in 0.006254 seconds 
  Import took 0.010678 seconds .

========================================================================
Received Import Request.
  Time since last request: 0.000847 seconds.
  path: Assets/Prefabs/Spaceship.prefab
  artifactKey: Guid(dd93e99e6a2e11146beee0ca4bb0a868) Importer(815301076,1909f56bfc062723c751e8b465ee728b)
Start importing Assets/Prefabs/Spaceship.prefab using Guid(dd93e99e6a2e11146beee0ca4bb0a868) Importer(815301076,1909f56bfc062723c751e8b465ee728b)  -> (artifact id: '3218b4f608a0f1d1548bc2bca2ac26d9') in 0.005468 seconds 
  Import took 0.010080 seconds .

========================================================================
Received Import Request.
  Time since last request: 8.079307 seconds.
  path: Assets/Prefabs/Spaceship.prefab
  artifactKey: Guid(dd93e99e6a2e11146beee0ca4bb0a868) Importer(815301076,1909f56bfc062723c751e8b465ee728b)
Start importing Assets/Prefabs/Spaceship.prefab using Guid(dd93e99e6a2e11146beee0ca4bb0a868) Importer(815301076,1909f56bfc062723c751e8b465ee728b)  -> (artifact id: '8727d6948a5d619b967d44a51983d686') in 0.005894 seconds 
  Import took 0.109275 seconds .

========================================================================
Received Import Request.
  Time since last request: 7.715812 seconds.
  path: Assets/Prefabs/Spaceship.prefab
  artifactKey: Guid(dd93e99e6a2e11146beee0ca4bb0a868) Importer(815301076,1909f56bfc062723c751e8b465ee728b)
Start importing Assets/Prefabs/Spaceship.prefab using Guid(dd93e99e6a2e11146beee0ca4bb0a868) Importer(815301076,1909f56bfc062723c751e8b465ee728b)  -> (artifact id: 'a60ae97c2bf7a833df06b1d83d5353e5') in 0.004930 seconds 
  Import took 0.009000 seconds .

========================================================================
Received Import Request.
  Time since last request: 0.002702 seconds.
  path: Assets/Prefabs/Spaceship.prefab
  artifactKey: Guid(dd93e99e6a2e11146beee0ca4bb0a868) Importer(815301076,1909f56bfc062723c751e8b465ee728b)
Start importing Assets/Prefabs/Spaceship.prefab using Guid(dd93e99e6a2e11146beee0ca4bb0a868) Importer(815301076,1909f56bfc062723c751e8b465ee728b)  -> (artifact id: 'a60ae97c2bf7a833df06b1d83d5353e5') in 0.005224 seconds 
  Import took 0.009551 seconds .

========================================================================
Received Import Request.
  Time since last request: 8.133672 seconds.
  path: Assets/Prefabs/Spaceship.prefab
  artifactKey: Guid(dd93e99e6a2e11146beee0ca4bb0a868) Importer(815301076,1909f56bfc062723c751e8b465ee728b)
Start importing Assets/Prefabs/Spaceship.prefab using Guid(dd93e99e6a2e11146beee0ca4bb0a868) Importer(815301076,1909f56bfc062723c751e8b465ee728b)  -> (artifact id: 'adea4f3b7790d220a213814c473d576c') in 0.004516 seconds 
  Import took 0.098849 seconds .

========================================================================
Received Import Request.
  Time since last request: 7.771966 seconds.
  path: Assets/Prefabs/Spaceship.prefab
  artifactKey: Guid(dd93e99e6a2e11146beee0ca4bb0a868) Importer(815301076,1909f56bfc062723c751e8b465ee728b)
Start importing Assets/Prefabs/Spaceship.prefab using Guid(dd93e99e6a2e11146beee0ca4bb0a868) Importer(815301076,1909f56bfc062723c751e8b465ee728b)  -> (artifact id: '9ede755b73e045c887395d438c70b995') in 0.004598 seconds 
  Import took 0.008787 seconds .

========================================================================
Received Import Request.
  Time since last request: 0.002895 seconds.
  path: Assets/Prefabs/Spaceship.prefab
  artifactKey: Guid(dd93e99e6a2e11146beee0ca4bb0a868) Importer(815301076,1909f56bfc062723c751e8b465ee728b)
Start importing Assets/Prefabs/Spaceship.prefab using Guid(dd93e99e6a2e11146beee0ca4bb0a868) Importer(815301076,1909f56bfc062723c751e8b465ee728b)  -> (artifact id: '9ede755b73e045c887395d438c70b995') in 0.005011 seconds 
  Import took 0.009280 seconds .

========================================================================
Received Import Request.
  Time since last request: 8.088681 seconds.
  path: Assets/Prefabs/Spaceship.prefab
  artifactKey: Guid(dd93e99e6a2e11146beee0ca4bb0a868) Importer(815301076,1909f56bfc062723c751e8b465ee728b)
Start importing Assets/Prefabs/Spaceship.prefab using Guid(dd93e99e6a2e11146beee0ca4bb0a868) Importer(815301076,1909f56bfc062723c751e8b465ee728b)  -> (artifact id: '20c4a83b8cffdae2219196cb57d155ae') in 0.004798 seconds 
  Import took 0.009024 seconds .

========================================================================
Received Import Request.
  Time since last request: 0.002627 seconds.
  path: Assets/Prefabs/Spaceship.prefab
  artifactKey: Guid(dd93e99e6a2e11146beee0ca4bb0a868) Importer(815301076,1909f56bfc062723c751e8b465ee728b)
Start importing Assets/Prefabs/Spaceship.prefab using Guid(dd93e99e6a2e11146beee0ca4bb0a868) Importer(815301076,1909f56bfc062723c751e8b465ee728b)  -> (artifact id: '20c4a83b8cffdae2219196cb57d155ae') in 0.004833 seconds 
  Import took 0.009512 seconds .

========================================================================
Received Import Request.
  Time since last request: 8.007785 seconds.
  path: Assets/Prefabs/Spaceship.prefab
  artifactKey: Guid(dd93e99e6a2e11146beee0ca4bb0a868) Importer(815301076,1909f56bfc062723c751e8b465ee728b)
Start importing Assets/Prefabs/Spaceship.prefab using Guid(dd93e99e6a2e11146beee0ca4bb0a868) Importer(815301076,1909f56bfc062723c751e8b465ee728b)  -> (artifact id: '9883e83e3b08c84600f8e219d67b8c52') in 0.005244 seconds 
  Import took 0.010184 seconds .

========================================================================
Received Import Request.
  Time since last request: 7.977645 seconds.
  path: Assets/Prefabs/Spaceship.prefab
  artifactKey: Guid(dd93e99e6a2e11146beee0ca4bb0a868) Importer(815301076,1909f56bfc062723c751e8b465ee728b)
Start importing Assets/Prefabs/Spaceship.prefab using Guid(dd93e99e6a2e11146beee0ca4bb0a868) Importer(815301076,1909f56bfc062723c751e8b465ee728b)  -> (artifact id: '63653c4a7dbfef31d3d92b77bc084ac3') in 0.004691 seconds 
  Import took 0.107550 seconds .

AssetImportWorkerClient::OnTransportError - code=2 error=End of file
